#
# There is insufficient memory for the Java Runtime Environment to continue.
# Native memory allocation (mmap) failed to map 65536 bytes. Error detail: Failed to commit metaspace.
# Possible reasons:
#   The system is out of physical RAM or swap space
#   This process is running with CompressedOops enabled, and the Java Heap may be blocking the growth of the native heap
# Possible solutions:
#   Reduce memory load on the system
#   Increase physical memory or swap space
#   Check if swap backing store is full
#   Decrease Java heap size (-Xmx/-Xms)
#   Decrease number of Java threads
#   Decrease Java thread stack sizes (-Xss)
#   Set larger code cache with -XX:ReservedCodeCacheSize=
#   JVM is running with Unscaled Compressed Oops mode in which the Java heap is
#     placed in the first 4GB address space. The Java Heap base address is the
#     maximum limit for the native heap growth. Please use -XX:HeapBaseMinAddress
#     to set the Java Heap base and to place the Java Heap above 4GB virtual address.
# This output file may be truncated or incomplete.
#
#  Out of Memory Error (virtualSpaceNode.cpp:113), pid=13532, tid=8860
#
# JRE version: OpenJDK Runtime Environment Temurin-21.0.6+7 (21.0.6+7) (build 21.0.6+7-LTS)
# Java VM: OpenJDK 64-Bit Server VM Temurin-21.0.6+7 (21.0.6+7-LTS, mixed mode, sharing, tiered, compressed oops, compressed class ptrs, g1 gc, windows-amd64)
# No core dump will be written. Minidumps are not enabled by default on client versions of Windows
#

---------------  S U M M A R Y ------------

Command Line: -XX:MaxMetaspaceSize=256m -XX:ReservedCodeCacheSize=128m -XX:+HeapDumpOnOutOfMemoryError --add-opens=java.base/java.util=ALL-UNNAMED --add-opens=java.base/java.lang=ALL-UNNAMED --add-opens=java.base/java.lang.invoke=ALL-UNNAMED --add-opens=java.prefs/java.util.prefs=ALL-UNNAMED --add-exports=jdk.compiler/com.sun.tools.javac.api=ALL-UNNAMED --add-exports=jdk.compiler/com.sun.tools.javac.util=ALL-UNNAMED --add-opens=java.base/java.nio.charset=ALL-UNNAMED --add-opens=java.base/java.net=ALL-UNNAMED --add-opens=java.base/java.util.concurrent.atomic=ALL-UNNAMED -Xmx768m -Dfile.encoding=utf8 -Duser.country=GB -Duser.language=en -Duser.variant -javaagent:C:\Users\bouri\.gradle\wrapper\dists\gradle-8.10.2-all\7iv73wktx1xtkvlq19urqw1wm\gradle-8.10.2\lib\agents\gradle-instrumentation-agent-8.10.2.jar org.gradle.launcher.daemon.bootstrap.GradleDaemon 8.10.2

Host: Intel(R) Core(TM) i5-4300U CPU @ 1.90GHz, 4 cores, 3G,  Windows 10 , 64 bit Build 19041 (10.0.19041.2913)
Time: Tue May 20 18:04:34 2025 E. Africa Standard Time elapsed time: 276.143995 seconds (0d 0h 4m 36s)

---------------  T H R E A D  ---------------

Current thread (0x00000200d42884e0):  JavaThread "C1 CompilerThread0" daemon [_thread_in_vm, id=8860, stack(0x000000dcf5500000,0x000000dcf5600000) (1024K)]


Current CompileTask:
C1:276151 17288   !   3       sun.security.ssl.SSLCipher$T13GcmReadCipherGenerator$GcmReadCipher::decrypt (555 bytes)

Stack: [0x000000dcf5500000,0x000000dcf5600000]
Native frames: (J=compiled Java code, j=interpreted, Vv=VM code, C=native code)
V  [jvm.dll+0x6cdee9]
V  [jvm.dll+0x8a83d1]
V  [jvm.dll+0x8aa8fe]
V  [jvm.dll+0x8aafe3]
V  [jvm.dll+0x27f706]
V  [jvm.dll+0x8a411e]
V  [jvm.dll+0x670385]
V  [jvm.dll+0x6703ea]
V  [jvm.dll+0x672bd2]
V  [jvm.dll+0x672aa2]
V  [jvm.dll+0x670d5e]
V  [jvm.dll+0x68220a]
V  [jvm.dll+0x67b2e2]
V  [jvm.dll+0x1f2570]
V  [jvm.dll+0x1f2758]
V  [jvm.dll+0x152f2e]
V  [jvm.dll+0x153274]
V  [jvm.dll+0x1526a6]
V  [jvm.dll+0x15447d]
V  [jvm.dll+0x25685a]
V  [jvm.dll+0x254dfa]
V  [jvm.dll+0x3f0256]
V  [jvm.dll+0x851f8b]
V  [jvm.dll+0x6cc5ed]
C  [ucrtbase.dll+0x21bb2]
C  [KERNEL32.DLL+0x17614]
C  [ntdll.dll+0x526a1]


---------------  P R O C E S S  ---------------

Threads class SMR info:
_java_thread_list=0x00000200f12f01f0, length=83, elements={
0x00000200be5d27e0, 0x00000200c097e4c0, 0x00000200d427e9d0, 0x00000200d42809d0,
0x00000200d42849d0, 0x00000200d4285bc0, 0x00000200d4286610, 0x00000200d4287390,
0x00000200d42884e0, 0x00000200d4355260, 0x00000200d4617900, 0x00000200e78b1e30,
0x00000200e7077b30, 0x00000200e70772d0, 0x00000200e7371450, 0x00000200d42c5aa0,
0x00000200e7667290, 0x00000200e74a4000, 0x00000200e779b170, 0x00000200e775ec30,
0x00000200e775d1f0, 0x00000200e775c4d0, 0x00000200e775cb60, 0x00000200e775f2c0,
0x00000200e775df10, 0x00000200e775e5a0, 0x00000200e775be40, 0x00000200e9b353b0,
0x00000200e9b325c0, 0x00000200e9b34000, 0x00000200e9b32c50, 0x00000200e9b36df0,
0x00000200e9b360d0, 0x00000200e9b35a40, 0x00000200e9b34690, 0x00000200e9b381a0,
0x00000200e9b38830, 0x00000200e9b34d20, 0x00000200e9b36760, 0x00000200e9b39be0,
0x00000200e9b33970, 0x00000200e9b37480, 0x00000200e9b332e0, 0x00000200e9b38ec0,
0x00000200ea65fdc0, 0x00000200ea6638d0, 0x00000200ea661170, 0x00000200ea6645f0,
0x00000200ea661800, 0x00000200ea661e90, 0x00000200ea664c80, 0x00000200ea662520,
0x00000200ea665310, 0x00000200ea663240, 0x00000200ea663f60, 0x00000200ea6659a0,
0x00000200ea6673e0, 0x00000200ea6666c0, 0x00000200ea666d50, 0x00000200ea660450,
0x00000200ea660ae0, 0x00000200eaf6b2f0, 0x00000200eaf6ee00, 0x00000200eaf6fb20,
0x00000200eaf69220, 0x00000200eaf6ac60, 0x00000200eaf6f490, 0x00000200eaf6cd30,
0x00000200eaf70840, 0x00000200eaf6da50, 0x00000200eaf701b0, 0x00000200eaf6b980,
0x00000200eaf6e0e0, 0x00000200eb73b1b0, 0x00000200eb73bed0, 0x00000200eb7362f0,
0x00000200eb73c560, 0x00000200eb7383c0, 0x00000200eb73cbf0, 0x00000200eb736980,
0x00000200eb735c60, 0x00000200eb73d280, 0x00000200f1a98f20
}

Java Threads: ( => current thread )
  0x00000200be5d27e0 JavaThread "main"                              [_thread_blocked, id=3284, stack(0x000000dcf4600000,0x000000dcf4700000) (1024K)]
  0x00000200c097e4c0 JavaThread "Reference Handler"          daemon [_thread_blocked, id=12756, stack(0x000000dcf4e00000,0x000000dcf4f00000) (1024K)]
  0x00000200d427e9d0 JavaThread "Finalizer"                  daemon [_thread_blocked, id=1860, stack(0x000000dcf4f00000,0x000000dcf5000000) (1024K)]
  0x00000200d42809d0 JavaThread "Signal Dispatcher"          daemon [_thread_blocked, id=10468, stack(0x000000dcf5000000,0x000000dcf5100000) (1024K)]
  0x00000200d42849d0 JavaThread "Attach Listener"            daemon [_thread_blocked, id=11732, stack(0x000000dcf5100000,0x000000dcf5200000) (1024K)]
  0x00000200d4285bc0 JavaThread "Service Thread"             daemon [_thread_blocked, id=16704, stack(0x000000dcf5200000,0x000000dcf5300000) (1024K)]
  0x00000200d4286610 JavaThread "Monitor Deflation Thread"   daemon [_thread_blocked, id=17256, stack(0x000000dcf5300000,0x000000dcf5400000) (1024K)]
  0x00000200d4287390 JavaThread "C2 CompilerThread0"         daemon [_thread_blocked, id=18068, stack(0x000000dcf5400000,0x000000dcf5500000) (1024K)]
=>0x00000200d42884e0 JavaThread "C1 CompilerThread0"         daemon [_thread_in_vm, id=8860, stack(0x000000dcf5500000,0x000000dcf5600000) (1024K)]
  0x00000200d4355260 JavaThread "Common-Cleaner"             daemon [_thread_blocked, id=17488, stack(0x000000dcf5600000,0x000000dcf5700000) (1024K)]
  0x00000200d4617900 JavaThread "Notification Thread"        daemon [_thread_blocked, id=3796, stack(0x000000dcf5700000,0x000000dcf5800000) (1024K)]
  0x00000200e78b1e30 JavaThread "Daemon health stats"               [_thread_blocked, id=4448, stack(0x000000dcf5b00000,0x000000dcf5c00000) (1024K)]
  0x00000200e7077b30 JavaThread "Incoming local TCP Connector on port 55464"        [_thread_in_native, id=2584, stack(0x000000dcf5c00000,0x000000dcf5d00000) (1024K)]
  0x00000200e70772d0 JavaThread "Daemon periodic checks"            [_thread_blocked, id=8432, stack(0x000000dcf5d00000,0x000000dcf5e00000) (1024K)]
  0x00000200e7371450 JavaThread "Daemon"                            [_thread_blocked, id=7444, stack(0x000000dcf5e00000,0x000000dcf5f00000) (1024K)]
  0x00000200d42c5aa0 JavaThread "Handler for socket connection from /127.0.0.1:55464 to /127.0.0.1:55468"        [_thread_in_native, id=8928, stack(0x000000dcf5f00000,0x000000dcf6000000) (1024K)]
  0x00000200e7667290 JavaThread "Cancel handler"                    [_thread_blocked, id=15204, stack(0x000000dcf6000000,0x000000dcf6100000) (1024K)]
  0x00000200e74a4000 JavaThread "Daemon worker"                     [_thread_blocked, id=8696, stack(0x000000dcf6100000,0x000000dcf6200000) (1024K)]
  0x00000200e779b170 JavaThread "Asynchronous log dispatcher for DefaultDaemonConnection: socket connection from /127.0.0.1:55464 to /127.0.0.1:55468"        [_thread_blocked, id=4412, stack(0x000000dcf6200000,0x000000dcf6300000) (1024K)]
  0x00000200e775ec30 JavaThread "Stdin handler"                     [_thread_blocked, id=10168, stack(0x000000dcf6300000,0x000000dcf6400000) (1024K)]
  0x00000200e775d1f0 JavaThread "Daemon client event forwarder"        [_thread_blocked, id=12820, stack(0x000000dcf6400000,0x000000dcf6500000) (1024K)]
  0x00000200e775c4d0 JavaThread "Cache worker for journal cache (C:\Users\bouri\.gradle\caches\journal-1)"        [_thread_blocked, id=1020, stack(0x000000dcf6500000,0x000000dcf6600000) (1024K)]
  0x00000200e775cb60 JavaThread "File lock request listener"        [_thread_in_native, id=9200, stack(0x000000dcf6600000,0x000000dcf6700000) (1024K)]
  0x00000200e775f2c0 JavaThread "Cache worker for file hash cache (C:\Users\bouri\.gradle\caches\8.10.2\fileHashes)"        [_thread_blocked, id=6676, stack(0x000000dcf6700000,0x000000dcf6800000) (1024K)]
  0x00000200e775df10 JavaThread "Cache worker for file hash cache (C:\Users\bouri\Documents\Projects\spotless\frontend\android\.gradle\8.10.2\fileHashes)"        [_thread_blocked, id=2088, stack(0x000000dcf6800000,0x000000dcf6900000) (1024K)]
  0x00000200e775e5a0 JavaThread "Cache worker for Build Output Cleanup Cache (C:\Users\bouri\Documents\Projects\spotless\frontend\android\.gradle\buildOutputCleanup)"        [_thread_blocked, id=16544, stack(0x000000dcf6900000,0x000000dcf6a00000) (1024K)]
  0x00000200e775be40 JavaThread "File watcher server"        daemon [_thread_in_native, id=9848, stack(0x000000dcf6a00000,0x000000dcf6b00000) (1024K)]
  0x00000200e9b353b0 JavaThread "File watcher consumer"      daemon [_thread_blocked, id=5324, stack(0x000000dcf6b00000,0x000000dcf6c00000) (1024K)]
  0x00000200e9b325c0 JavaThread "jar transforms"                    [_thread_blocked, id=14768, stack(0x000000dcf6c00000,0x000000dcf6d00000) (1024K)]
  0x00000200e9b34000 JavaThread "jar transforms Thread 2"           [_thread_blocked, id=7864, stack(0x000000dcf6d00000,0x000000dcf6e00000) (1024K)]
  0x00000200e9b32c50 JavaThread "jar transforms Thread 3"           [_thread_blocked, id=10888, stack(0x000000dcf6e00000,0x000000dcf6f00000) (1024K)]
  0x00000200e9b36df0 JavaThread "Cache worker for checksums cache (C:\Users\bouri\Documents\Projects\spotless\frontend\android\.gradle\8.10.2\checksums)"        [_thread_blocked, id=8524, stack(0x000000dcf6f00000,0x000000dcf7000000) (1024K)]
  0x00000200e9b360d0 JavaThread "Cache worker for file content cache (C:\Users\bouri\.gradle\caches\8.10.2\fileContent)"        [_thread_blocked, id=17692, stack(0x000000dcf7000000,0x000000dcf7100000) (1024K)]
  0x00000200e9b35a40 JavaThread "Cache worker for cache directory md-rule (C:\Users\bouri\.gradle\caches\8.10.2\md-rule)"        [_thread_blocked, id=10556, stack(0x000000dcf7100000,0x000000dcf7200000) (1024K)]
  0x00000200e9b34690 JavaThread "Cache worker for cache directory md-supplier (C:\Users\bouri\.gradle\caches\8.10.2\md-supplier)"        [_thread_blocked, id=11860, stack(0x000000dcf7200000,0x000000dcf7300000) (1024K)]
  0x00000200e9b381a0 JavaThread "jar transforms Thread 4"           [_thread_blocked, id=15660, stack(0x000000dcf7300000,0x000000dcf7400000) (1024K)]
  0x00000200e9b38830 JavaThread "Cache worker for Build Output Cleanup Cache (C:\Users\bouri\flutter\packages\flutter_tools\gradle\.gradle\buildOutputCleanup)"        [_thread_blocked, id=17496, stack(0x000000dcf7400000,0x000000dcf7500000) (1024K)]
  0x00000200e9b34d20 JavaThread "Unconstrained build operations"        [_thread_blocked, id=3272, stack(0x000000dcf7500000,0x000000dcf7600000) (1024K)]
  0x00000200e9b36760 JavaThread "Unconstrained build operations Thread 2"        [_thread_blocked, id=14020, stack(0x000000dcf7600000,0x000000dcf7700000) (1024K)]
  0x00000200e9b39be0 JavaThread "Unconstrained build operations Thread 3"        [_thread_blocked, id=14808, stack(0x000000dcf7700000,0x000000dcf7800000) (1024K)]
  0x00000200e9b33970 JavaThread "Unconstrained build operations Thread 4"        [_thread_blocked, id=16476, stack(0x000000dcf7800000,0x000000dcf7900000) (1024K)]
  0x00000200e9b37480 JavaThread "Unconstrained build operations Thread 5"        [_thread_blocked, id=17452, stack(0x000000dcf7900000,0x000000dcf7a00000) (1024K)]
  0x00000200e9b332e0 JavaThread "Unconstrained build operations Thread 6"        [_thread_blocked, id=17980, stack(0x000000dcf7a00000,0x000000dcf7b00000) (1024K)]
  0x00000200e9b38ec0 JavaThread "Unconstrained build operations Thread 7"        [_thread_blocked, id=2768, stack(0x000000dcf7b00000,0x000000dcf7c00000) (1024K)]
  0x00000200ea65fdc0 JavaThread "Unconstrained build operations Thread 8"        [_thread_blocked, id=15412, stack(0x000000dcf7c00000,0x000000dcf7d00000) (1024K)]
  0x00000200ea6638d0 JavaThread "Unconstrained build operations Thread 9"        [_thread_blocked, id=3888, stack(0x000000dcf7d00000,0x000000dcf7e00000) (1024K)]
  0x00000200ea661170 JavaThread "Memory manager"                    [_thread_blocked, id=12076, stack(0x000000dcf7e00000,0x000000dcf7f00000) (1024K)]
  0x00000200ea6645f0 JavaThread "build event listener"              [_thread_blocked, id=8984, stack(0x000000dcf4500000,0x000000dcf4600000) (1024K)]
  0x00000200ea661800 JavaThread "Execution worker"                  [_thread_blocked, id=13968, stack(0x000000dcf8000000,0x000000dcf8100000) (1024K)]
  0x00000200ea661e90 JavaThread "Execution worker Thread 2"         [_thread_blocked, id=17760, stack(0x000000dcf8100000,0x000000dcf8200000) (1024K)]
  0x00000200ea664c80 JavaThread "Execution worker Thread 3"         [_thread_blocked, id=9592, stack(0x000000dcf8200000,0x000000dcf8300000) (1024K)]
  0x00000200ea662520 JavaThread "Cache worker for execution history cache (C:\Users\bouri\flutter\packages\flutter_tools\gradle\.gradle\8.10.2\executionHistory)"        [_thread_blocked, id=10884, stack(0x000000dcf8300000,0x000000dcf8400000) (1024K)]
  0x00000200ea665310 JavaThread "Unconstrained build operations Thread 10"        [_thread_blocked, id=14160, stack(0x000000dcf8400000,0x000000dcf8500000) (1024K)]
  0x00000200ea663240 JavaThread "Unconstrained build operations Thread 11"        [_thread_blocked, id=10696, stack(0x000000dcf8500000,0x000000dcf8600000) (1024K)]
  0x00000200ea663f60 JavaThread "Unconstrained build operations Thread 12"        [_thread_blocked, id=17180, stack(0x000000dcf8600000,0x000000dcf8700000) (1024K)]
  0x00000200ea6659a0 JavaThread "Unconstrained build operations Thread 13"        [_thread_blocked, id=8824, stack(0x000000dcf8700000,0x000000dcf8800000) (1024K)]
  0x00000200ea6673e0 JavaThread "Unconstrained build operations Thread 14"        [_thread_blocked, id=14096, stack(0x000000dcf8800000,0x000000dcf8900000) (1024K)]
  0x00000200ea6666c0 JavaThread "Unconstrained build operations Thread 15"        [_thread_blocked, id=10936, stack(0x000000dcf8900000,0x000000dcf8a00000) (1024K)]
  0x00000200ea666d50 JavaThread "Unconstrained build operations Thread 16"        [_thread_blocked, id=13352, stack(0x000000dcf8a00000,0x000000dcf8b00000) (1024K)]
  0x00000200ea660450 JavaThread "Unconstrained build operations Thread 17"        [_thread_blocked, id=12392, stack(0x000000dcf8b00000,0x000000dcf8c00000) (1024K)]
  0x00000200ea660ae0 JavaThread "Unconstrained build operations Thread 18"        [_thread_blocked, id=15556, stack(0x000000dcf8c00000,0x000000dcf8d00000) (1024K)]
  0x00000200eaf6b2f0 JavaThread "Unconstrained build operations Thread 19"        [_thread_blocked, id=8876, stack(0x000000dcf8d00000,0x000000dcf8e00000) (1024K)]
  0x00000200eaf6ee00 JavaThread "Unconstrained build operations Thread 20"        [_thread_blocked, id=4924, stack(0x000000dcf8e00000,0x000000dcf8f00000) (1024K)]
  0x00000200eaf6fb20 JavaThread "Unconstrained build operations Thread 21"        [_thread_blocked, id=16740, stack(0x000000dcf8f00000,0x000000dcf9000000) (1024K)]
  0x00000200eaf69220 JavaThread "Unconstrained build operations Thread 22"        [_thread_blocked, id=10224, stack(0x000000dcf9000000,0x000000dcf9100000) (1024K)]
  0x00000200eaf6ac60 JavaThread "Unconstrained build operations Thread 23"        [_thread_blocked, id=18368, stack(0x000000dcf9100000,0x000000dcf9200000) (1024K)]
  0x00000200eaf6f490 JavaThread "Unconstrained build operations Thread 24"        [_thread_blocked, id=17932, stack(0x000000dcf9200000,0x000000dcf9300000) (1024K)]
  0x00000200eaf6cd30 JavaThread "Unconstrained build operations Thread 25"        [_thread_blocked, id=5048, stack(0x000000dcf9300000,0x000000dcf9400000) (1024K)]
  0x00000200eaf70840 JavaThread "Unconstrained build operations Thread 26"        [_thread_blocked, id=2508, stack(0x000000dcf9400000,0x000000dcf9500000) (1024K)]
  0x00000200eaf6da50 JavaThread "Unconstrained build operations Thread 27"        [_thread_blocked, id=7016, stack(0x000000dcf9500000,0x000000dcf9600000) (1024K)]
  0x00000200eaf701b0 JavaThread "Unconstrained build operations Thread 28"        [_thread_blocked, id=17912, stack(0x000000dcf9600000,0x000000dcf9700000) (1024K)]
  0x00000200eaf6b980 JavaThread "Unconstrained build operations Thread 29"        [_thread_blocked, id=3732, stack(0x000000dcf9700000,0x000000dcf9800000) (1024K)]
  0x00000200eaf6e0e0 JavaThread "Unconstrained build operations Thread 30"        [_thread_blocked, id=1604, stack(0x000000dcf9800000,0x000000dcf9900000) (1024K)]
  0x00000200eb73b1b0 JavaThread "Unconstrained build operations Thread 31"        [_thread_blocked, id=17132, stack(0x000000dcf4300000,0x000000dcf4400000) (1024K)]
  0x00000200eb73bed0 JavaThread "Unconstrained build operations Thread 32"        [_thread_blocked, id=2404, stack(0x000000dcf7f00000,0x000000dcf8000000) (1024K)]
  0x00000200eb7362f0 JavaThread "Unconstrained build operations Thread 33"        [_thread_blocked, id=2920, stack(0x000000dcf9a00000,0x000000dcf9b00000) (1024K)]
  0x00000200eb73c560 JavaThread "Unconstrained build operations Thread 34"        [_thread_blocked, id=9360, stack(0x000000dcf9b00000,0x000000dcf9c00000) (1024K)]
  0x00000200eb7383c0 JavaThread "Unconstrained build operations Thread 35"        [_thread_blocked, id=2880, stack(0x000000dcf9c00000,0x000000dcf9d00000) (1024K)]
  0x00000200eb73cbf0 JavaThread "Unconstrained build operations Thread 36"        [_thread_blocked, id=15368, stack(0x000000dcf9d00000,0x000000dcf9e00000) (1024K)]
  0x00000200eb736980 JavaThread "Unconstrained build operations Thread 37"        [_thread_blocked, id=14948, stack(0x000000dcf9e00000,0x000000dcf9f00000) (1024K)]
  0x00000200eb735c60 JavaThread "Unconstrained build operations Thread 38"        [_thread_blocked, id=8508, stack(0x000000dcf9f00000,0x000000dcfa000000) (1024K)]
  0x00000200eb73d280 JavaThread "Unconstrained build operations Thread 39"        [_thread_blocked, id=2264, stack(0x000000dcfa000000,0x000000dcfa100000) (1024K)]
  0x00000200f1a98f20 JavaThread "Unconstrained build operations Thread 40"        [_thread_blocked, id=2096, stack(0x000000dcf9900000,0x000000dcf9a00000) (1024K)]
Total: 83

Other Threads:
  0x00000200c09683c0 VMThread "VM Thread"                           [id=15132, stack(0x000000dcf4d00000,0x000000dcf4e00000) (1024K)] _threads_hazard_ptr=0x00000200f12f01f0
  0x00000200c0956f90 WatcherThread "VM Periodic Task Thread"        [id=5632, stack(0x000000dcf4c00000,0x000000dcf4d00000) (1024K)]
  0x00000200be69be50 WorkerThread "GC Thread#0"                     [id=10400, stack(0x000000dcf4700000,0x000000dcf4800000) (1024K)]
  0x00000200d456f270 WorkerThread "GC Thread#1"                     [id=5720, stack(0x000000dcf5800000,0x000000dcf5900000) (1024K)]
  0x00000200d45ea5e0 WorkerThread "GC Thread#2"                     [id=16252, stack(0x000000dcf5900000,0x000000dcf5a00000) (1024K)]
  0x00000200e73e7590 WorkerThread "GC Thread#3"                     [id=17908, stack(0x000000dcf5a00000,0x000000dcf5b00000) (1024K)]
  0x00000200be69e7b0 ConcurrentGCThread "G1 Main Marker"            [id=4656, stack(0x000000dcf4800000,0x000000dcf4900000) (1024K)]
  0x00000200c08ebaf0 WorkerThread "G1 Conc#0"                       [id=13700, stack(0x000000dcf4900000,0x000000dcf4a00000) (1024K)]
  0x00000200c0945850 ConcurrentGCThread "G1 Refine#0"               [id=1936, stack(0x000000dcf4a00000,0x000000dcf4b00000) (1024K)]
  0x00000200c09473d0 ConcurrentGCThread "G1 Service"                [id=10360, stack(0x000000dcf4b00000,0x000000dcf4c00000) (1024K)]
Total: 10

Threads with active compile tasks:
C1 CompilerThread0  277830 17288   !   3       sun.security.ssl.SSLCipher$T13GcmReadCipherGenerator$GcmReadCipher::decrypt (555 bytes)
Total: 1

VM state: synchronizing (normal execution)

VM Mutex/Monitor currently owned by a thread:  ([mutex/lock_event])
[0x00007fff3258c300] Metaspace_lock - owner thread: 0x00000200d42884e0
[0x00007fff3258e380] Threads_lock - owner thread: 0x00000200c09683c0

Heap address: 0x00000000d0000000, size: 768 MB, Compressed Oops mode: 32-bit

CDS archive(s) mapped at: [0x00000200d5000000-0x00000200d5c80000-0x00000200d5c80000), size 13107200, SharedBaseAddress: 0x00000200d5000000, ArchiveRelocationMode: 1.
Compressed class space mapped at: 0x00000200d6000000-0x00000200e3000000, reserved size: 218103808
Narrow klass base: 0x00000200d5000000, Narrow klass shift: 0, Narrow klass range: 0x100000000

GC Precious Log:
 CardTable entry size: 512
 Card Set container configuration: InlinePtr #cards 5 size 8 Array Of Cards #cards 12 size 40 Howl #buckets 4 coarsen threshold 1843 Howl Bitmap #cards 512 size 80 coarsen threshold 460 Card regions per heap region 1 cards per card region 2048
 CPUs: 4 total, 4 available
 Memory: 3975M
 Large Page Support: Disabled
 NUMA Support: Disabled
 Compressed Oops: Enabled (32-bit)
 Heap Region Size: 1M
 Heap Min Capacity: 8M
 Heap Initial Capacity: 64M
 Heap Max Capacity: 768M
 Pre-touch: Disabled
 Parallel Workers: 4
 Concurrent Workers: 1
 Concurrent Refinement Workers: 4
 Periodic GC: Disabled

Heap:
 garbage-first heap   total 276480K, used 214608K [0x00000000d0000000, 0x0000000100000000)
  region size 1024K, 45 young (46080K), 7 survivors (7168K)
 Metaspace       used 120095K, committed 122688K, reserved 344064K
  class space    used 16437K, committed 17728K, reserved 212992K

Heap Regions: E=young(eden), S=young(survivor), O=old, HS=humongous(starts), HC=humongous(continues), CS=collection set, F=free, TAMS=top-at-mark-start, PB=parsable bottom
|   0|0x00000000d0000000, 0x00000000d0100000, 0x00000000d0100000|100%|HS|  |TAMS 0x00000000d0000000| PB 0x00000000d0000000| Complete 
|   1|0x00000000d0100000, 0x00000000d0200000, 0x00000000d0200000|100%|HC|  |TAMS 0x00000000d0100000| PB 0x00000000d0100000| Complete 
|   2|0x00000000d0200000, 0x00000000d0300000, 0x00000000d0300000|100%|HC|  |TAMS 0x00000000d0200000| PB 0x00000000d0200000| Complete 
|   3|0x00000000d0300000, 0x00000000d0400000, 0x00000000d0400000|100%|HC|  |TAMS 0x00000000d0300000| PB 0x00000000d0300000| Complete 
|   4|0x00000000d0400000, 0x00000000d0500000, 0x00000000d0500000|100%| O|  |TAMS 0x00000000d0400000| PB 0x00000000d0400000| Untracked 
|   5|0x00000000d0500000, 0x00000000d0600000, 0x00000000d0600000|100%| O|  |TAMS 0x00000000d0500000| PB 0x00000000d0500000| Untracked 
|   6|0x00000000d0600000, 0x00000000d0700000, 0x00000000d0700000|100%| O|  |TAMS 0x00000000d0600000| PB 0x00000000d0600000| Untracked 
|   7|0x00000000d0700000, 0x00000000d0800000, 0x00000000d0800000|100%| O|  |TAMS 0x00000000d0700000| PB 0x00000000d0700000| Untracked 
|   8|0x00000000d0800000, 0x00000000d0900000, 0x00000000d0900000|100%| O|  |TAMS 0x00000000d0800000| PB 0x00000000d0800000| Untracked 
|   9|0x00000000d0900000, 0x00000000d0a00000, 0x00000000d0a00000|100%| O|  |TAMS 0x00000000d0900000| PB 0x00000000d0900000| Untracked 
|  10|0x00000000d0a00000, 0x00000000d0b00000, 0x00000000d0b00000|100%| O|  |TAMS 0x00000000d0a00000| PB 0x00000000d0a00000| Untracked 
|  11|0x00000000d0b00000, 0x00000000d0c00000, 0x00000000d0c00000|100%|HS|  |TAMS 0x00000000d0b00000| PB 0x00000000d0b00000| Complete 
|  12|0x00000000d0c00000, 0x00000000d0d00000, 0x00000000d0d00000|100%| O|  |TAMS 0x00000000d0c00000| PB 0x00000000d0c00000| Untracked 
|  13|0x00000000d0d00000, 0x00000000d0e00000, 0x00000000d0e00000|100%| O|  |TAMS 0x00000000d0d00000| PB 0x00000000d0d00000| Untracked 
|  14|0x00000000d0e00000, 0x00000000d0f00000, 0x00000000d0f00000|100%| O|  |TAMS 0x00000000d0e00000| PB 0x00000000d0e00000| Untracked 
|  15|0x00000000d0f00000, 0x00000000d1000000, 0x00000000d1000000|100%| O|  |TAMS 0x00000000d0f00000| PB 0x00000000d0f00000| Untracked 
|  16|0x00000000d1000000, 0x00000000d1100000, 0x00000000d1100000|100%| O|  |TAMS 0x00000000d1000000| PB 0x00000000d1000000| Untracked 
|  17|0x00000000d1100000, 0x00000000d1200000, 0x00000000d1200000|100%| O|  |TAMS 0x00000000d1100000| PB 0x00000000d1100000| Untracked 
|  18|0x00000000d1200000, 0x00000000d1300000, 0x00000000d1300000|100%| O|  |TAMS 0x00000000d1200000| PB 0x00000000d1200000| Untracked 
|  19|0x00000000d1300000, 0x00000000d1400000, 0x00000000d1400000|100%| O|  |TAMS 0x00000000d1300000| PB 0x00000000d1300000| Untracked 
|  20|0x00000000d1400000, 0x00000000d1500000, 0x00000000d1500000|100%| O|  |TAMS 0x00000000d1400000| PB 0x00000000d1400000| Untracked 
|  21|0x00000000d1500000, 0x00000000d1600000, 0x00000000d1600000|100%| O|  |TAMS 0x00000000d1500000| PB 0x00000000d1500000| Untracked 
|  22|0x00000000d1600000, 0x00000000d1700000, 0x00000000d1700000|100%| O|  |TAMS 0x00000000d1600000| PB 0x00000000d1600000| Untracked 
|  23|0x00000000d1700000, 0x00000000d1800000, 0x00000000d1800000|100%| O|  |TAMS 0x00000000d1700000| PB 0x00000000d1700000| Untracked 
|  24|0x00000000d1800000, 0x00000000d1900000, 0x00000000d1900000|100%| O|  |TAMS 0x00000000d1800000| PB 0x00000000d1800000| Untracked 
|  25|0x00000000d1900000, 0x00000000d1a00000, 0x00000000d1a00000|100%| O|  |TAMS 0x00000000d1900000| PB 0x00000000d1900000| Untracked 
|  26|0x00000000d1a00000, 0x00000000d1b00000, 0x00000000d1b00000|100%| O|  |TAMS 0x00000000d1a00000| PB 0x00000000d1a00000| Untracked 
|  27|0x00000000d1b00000, 0x00000000d1c00000, 0x00000000d1c00000|100%| O|  |TAMS 0x00000000d1b00000| PB 0x00000000d1b00000| Untracked 
|  28|0x00000000d1c00000, 0x00000000d1d00000, 0x00000000d1d00000|100%| O|  |TAMS 0x00000000d1c00000| PB 0x00000000d1c00000| Untracked 
|  29|0x00000000d1d00000, 0x00000000d1e00000, 0x00000000d1e00000|100%| O|  |TAMS 0x00000000d1d00000| PB 0x00000000d1d00000| Untracked 
|  30|0x00000000d1e00000, 0x00000000d1f00000, 0x00000000d1f00000|100%| O|  |TAMS 0x00000000d1e00000| PB 0x00000000d1e00000| Untracked 
|  31|0x00000000d1f00000, 0x00000000d2000000, 0x00000000d2000000|100%| O|  |TAMS 0x00000000d1f00000| PB 0x00000000d1f00000| Untracked 
|  32|0x00000000d2000000, 0x00000000d2100000, 0x00000000d2100000|100%| O|  |TAMS 0x00000000d2000000| PB 0x00000000d2000000| Untracked 
|  33|0x00000000d2100000, 0x00000000d2200000, 0x00000000d2200000|100%| O|  |TAMS 0x00000000d2100000| PB 0x00000000d2100000| Untracked 
|  34|0x00000000d2200000, 0x00000000d2300000, 0x00000000d2300000|100%| O|  |TAMS 0x00000000d2200000| PB 0x00000000d2200000| Untracked 
|  35|0x00000000d2300000, 0x00000000d2400000, 0x00000000d2400000|100%| O|  |TAMS 0x00000000d2300000| PB 0x00000000d2300000| Untracked 
|  36|0x00000000d2400000, 0x00000000d2500000, 0x00000000d2500000|100%| O|  |TAMS 0x00000000d2400000| PB 0x00000000d2400000| Untracked 
|  37|0x00000000d2500000, 0x00000000d2600000, 0x00000000d2600000|100%| O|  |TAMS 0x00000000d2500000| PB 0x00000000d2500000| Untracked 
|  38|0x00000000d2600000, 0x00000000d2700000, 0x00000000d2700000|100%| O|  |TAMS 0x00000000d2600000| PB 0x00000000d2600000| Untracked 
|  39|0x00000000d2700000, 0x00000000d2800000, 0x00000000d2800000|100%| O|  |TAMS 0x00000000d2700000| PB 0x00000000d2700000| Untracked 
|  40|0x00000000d2800000, 0x00000000d2900000, 0x00000000d2900000|100%| O|  |TAMS 0x00000000d2800000| PB 0x00000000d2800000| Untracked 
|  41|0x00000000d2900000, 0x00000000d2a00000, 0x00000000d2a00000|100%| O|  |TAMS 0x00000000d2900000| PB 0x00000000d2900000| Untracked 
|  42|0x00000000d2a00000, 0x00000000d2b00000, 0x00000000d2b00000|100%| O|  |TAMS 0x00000000d2a00000| PB 0x00000000d2a00000| Untracked 
|  43|0x00000000d2b00000, 0x00000000d2c00000, 0x00000000d2c00000|100%| O|  |TAMS 0x00000000d2b00000| PB 0x00000000d2b00000| Untracked 
|  44|0x00000000d2c00000, 0x00000000d2d00000, 0x00000000d2d00000|100%|HS|  |TAMS 0x00000000d2c00000| PB 0x00000000d2c00000| Complete 
|  45|0x00000000d2d00000, 0x00000000d2e00000, 0x00000000d2e00000|100%|HC|  |TAMS 0x00000000d2d00000| PB 0x00000000d2d00000| Complete 
|  46|0x00000000d2e00000, 0x00000000d2f00000, 0x00000000d2f00000|100%|HS|  |TAMS 0x00000000d2e00000| PB 0x00000000d2e00000| Complete 
|  47|0x00000000d2f00000, 0x00000000d3000000, 0x00000000d3000000|100%|HC|  |TAMS 0x00000000d2f00000| PB 0x00000000d2f00000| Complete 
|  48|0x00000000d3000000, 0x00000000d3100000, 0x00000000d3100000|100%|HC|  |TAMS 0x00000000d3000000| PB 0x00000000d3000000| Complete 
|  49|0x00000000d3100000, 0x00000000d3200000, 0x00000000d3200000|100%|HC|  |TAMS 0x00000000d3100000| PB 0x00000000d3100000| Complete 
|  50|0x00000000d3200000, 0x00000000d3300000, 0x00000000d3300000|100%|HS|  |TAMS 0x00000000d3200000| PB 0x00000000d3200000| Complete 
|  51|0x00000000d3300000, 0x00000000d3400000, 0x00000000d3400000|100%|HC|  |TAMS 0x00000000d3300000| PB 0x00000000d3300000| Complete 
|  52|0x00000000d3400000, 0x00000000d3500000, 0x00000000d3500000|100%| O|  |TAMS 0x00000000d3400000| PB 0x00000000d3400000| Untracked 
|  53|0x00000000d3500000, 0x00000000d3600000, 0x00000000d3600000|100%| O|  |TAMS 0x00000000d3500000| PB 0x00000000d3500000| Untracked 
|  54|0x00000000d3600000, 0x00000000d3700000, 0x00000000d3700000|100%| O|  |TAMS 0x00000000d3600000| PB 0x00000000d3600000| Untracked 
|  55|0x00000000d3700000, 0x00000000d3800000, 0x00000000d3800000|100%| O|  |TAMS 0x00000000d3700000| PB 0x00000000d3700000| Untracked 
|  56|0x00000000d3800000, 0x00000000d3900000, 0x00000000d3900000|100%|HS|  |TAMS 0x00000000d3800000| PB 0x00000000d3800000| Complete 
|  57|0x00000000d3900000, 0x00000000d3a00000, 0x00000000d3a00000|100%|HC|  |TAMS 0x00000000d3900000| PB 0x00000000d3900000| Complete 
|  58|0x00000000d3a00000, 0x00000000d3b00000, 0x00000000d3b00000|100%|HC|  |TAMS 0x00000000d3a00000| PB 0x00000000d3a00000| Complete 
|  59|0x00000000d3b00000, 0x00000000d3c00000, 0x00000000d3c00000|100%|HC|  |TAMS 0x00000000d3b00000| PB 0x00000000d3b00000| Complete 
|  60|0x00000000d3c00000, 0x00000000d3d00000, 0x00000000d3d00000|100%| O|  |TAMS 0x00000000d3c00000| PB 0x00000000d3c00000| Untracked 
|  61|0x00000000d3d00000, 0x00000000d3e00000, 0x00000000d3e00000|100%| O|  |TAMS 0x00000000d3d00000| PB 0x00000000d3d00000| Untracked 
|  62|0x00000000d3e00000, 0x00000000d3f00000, 0x00000000d3f00000|100%| O|  |TAMS 0x00000000d3e00000| PB 0x00000000d3e00000| Untracked 
|  63|0x00000000d3f00000, 0x00000000d4000000, 0x00000000d4000000|100%| O|  |TAMS 0x00000000d3f00000| PB 0x00000000d3f00000| Untracked 
|  64|0x00000000d4000000, 0x00000000d4100000, 0x00000000d4100000|100%| O|  |TAMS 0x00000000d4000000| PB 0x00000000d4000000| Untracked 
|  65|0x00000000d4100000, 0x00000000d4200000, 0x00000000d4200000|100%| O|  |TAMS 0x00000000d4100000| PB 0x00000000d4100000| Untracked 
|  66|0x00000000d4200000, 0x00000000d4300000, 0x00000000d4300000|100%| O|  |TAMS 0x00000000d4200000| PB 0x00000000d4200000| Untracked 
|  67|0x00000000d4300000, 0x00000000d4400000, 0x00000000d4400000|100%| O|  |TAMS 0x00000000d4300000| PB 0x00000000d4300000| Untracked 
|  68|0x00000000d4400000, 0x00000000d4500000, 0x00000000d4500000|100%| O|  |TAMS 0x00000000d4400000| PB 0x00000000d4400000| Untracked 
|  69|0x00000000d4500000, 0x00000000d4600000, 0x00000000d4600000|100%| O|  |TAMS 0x00000000d4500000| PB 0x00000000d4500000| Untracked 
|  70|0x00000000d4600000, 0x00000000d4700000, 0x00000000d4700000|100%| O|  |TAMS 0x00000000d4600000| PB 0x00000000d4600000| Untracked 
|  71|0x00000000d4700000, 0x00000000d4800000, 0x00000000d4800000|100%| O|  |TAMS 0x00000000d4700000| PB 0x00000000d4700000| Untracked 
|  72|0x00000000d4800000, 0x00000000d4900000, 0x00000000d4900000|100%| O|  |TAMS 0x00000000d4800000| PB 0x00000000d4800000| Untracked 
|  73|0x00000000d4900000, 0x00000000d4a00000, 0x00000000d4a00000|100%| O|  |TAMS 0x00000000d4900000| PB 0x00000000d4900000| Untracked 
|  74|0x00000000d4a00000, 0x00000000d4b00000, 0x00000000d4b00000|100%|HS|  |TAMS 0x00000000d4a00000| PB 0x00000000d4a00000| Complete 
|  75|0x00000000d4b00000, 0x00000000d4c00000, 0x00000000d4c00000|100%|HS|  |TAMS 0x00000000d4b00000| PB 0x00000000d4b00000| Complete 
|  76|0x00000000d4c00000, 0x00000000d4d00000, 0x00000000d4d00000|100%|HS|  |TAMS 0x00000000d4c00000| PB 0x00000000d4c00000| Complete 
|  77|0x00000000d4d00000, 0x00000000d4e00000, 0x00000000d4e00000|100%|HC|  |TAMS 0x00000000d4d00000| PB 0x00000000d4d00000| Complete 
|  78|0x00000000d4e00000, 0x00000000d4f00000, 0x00000000d4f00000|100%|HS|  |TAMS 0x00000000d4e00000| PB 0x00000000d4e00000| Complete 
|  79|0x00000000d4f00000, 0x00000000d5000000, 0x00000000d5000000|100%|HS|  |TAMS 0x00000000d4f00000| PB 0x00000000d4f00000| Complete 
|  80|0x00000000d5000000, 0x00000000d5100000, 0x00000000d5100000|100%|HC|  |TAMS 0x00000000d5000000| PB 0x00000000d5000000| Complete 
|  81|0x00000000d5100000, 0x00000000d5200000, 0x00000000d5200000|100%|HC|  |TAMS 0x00000000d5100000| PB 0x00000000d5100000| Complete 
|  82|0x00000000d5200000, 0x00000000d5300000, 0x00000000d5300000|100%|HC|  |TAMS 0x00000000d5200000| PB 0x00000000d5200000| Complete 
|  83|0x00000000d5300000, 0x00000000d5400000, 0x00000000d5400000|100%|HS|  |TAMS 0x00000000d5300000| PB 0x00000000d5300000| Complete 
|  84|0x00000000d5400000, 0x00000000d5500000, 0x00000000d5500000|100%| O|  |TAMS 0x00000000d5400000| PB 0x00000000d5400000| Untracked 
|  85|0x00000000d5500000, 0x00000000d5600000, 0x00000000d5600000|100%|HS|  |TAMS 0x00000000d5500000| PB 0x00000000d5500000| Complete 
|  86|0x00000000d5600000, 0x00000000d5700000, 0x00000000d5700000|100%|HC|  |TAMS 0x00000000d5600000| PB 0x00000000d5600000| Complete 
|  87|0x00000000d5700000, 0x00000000d5800000, 0x00000000d5800000|100%|HS|  |TAMS 0x00000000d5700000| PB 0x00000000d5700000| Complete 
|  88|0x00000000d5800000, 0x00000000d5900000, 0x00000000d5900000|100%| O|  |TAMS 0x00000000d5800000| PB 0x00000000d5800000| Untracked 
|  89|0x00000000d5900000, 0x00000000d5a00000, 0x00000000d5a00000|100%| O|  |TAMS 0x00000000d5900000| PB 0x00000000d5900000| Untracked 
|  90|0x00000000d5a00000, 0x00000000d5b00000, 0x00000000d5b00000|100%| O|  |TAMS 0x00000000d5a00000| PB 0x00000000d5a00000| Untracked 
|  91|0x00000000d5b00000, 0x00000000d5c00000, 0x00000000d5c00000|100%|HS|  |TAMS 0x00000000d5b00000| PB 0x00000000d5b00000| Complete 
|  92|0x00000000d5c00000, 0x00000000d5d00000, 0x00000000d5d00000|100%| O|  |TAMS 0x00000000d5c00000| PB 0x00000000d5c00000| Untracked 
|  93|0x00000000d5d00000, 0x00000000d5e00000, 0x00000000d5e00000|100%| O|  |TAMS 0x00000000d5d00000| PB 0x00000000d5d00000| Untracked 
|  94|0x00000000d5e00000, 0x00000000d5f00000, 0x00000000d5f00000|100%| O|  |TAMS 0x00000000d5e00000| PB 0x00000000d5e00000| Untracked 
|  95|0x00000000d5f00000, 0x00000000d6000000, 0x00000000d6000000|100%| O|  |TAMS 0x00000000d5f00000| PB 0x00000000d5f00000| Untracked 
|  96|0x00000000d6000000, 0x00000000d6100000, 0x00000000d6100000|100%|HS|  |TAMS 0x00000000d6000000| PB 0x00000000d6000000| Complete 
|  97|0x00000000d6100000, 0x00000000d6200000, 0x00000000d6200000|100%| O|  |TAMS 0x00000000d6100000| PB 0x00000000d6100000| Untracked 
|  98|0x00000000d6200000, 0x00000000d6300000, 0x00000000d6300000|100%| O|  |TAMS 0x00000000d6200000| PB 0x00000000d6200000| Untracked 
|  99|0x00000000d6300000, 0x00000000d6400000, 0x00000000d6400000|100%|HS|  |TAMS 0x00000000d6300000| PB 0x00000000d6300000| Complete 
| 100|0x00000000d6400000, 0x00000000d6500000, 0x00000000d6500000|100%|HC|  |TAMS 0x00000000d6400000| PB 0x00000000d6400000| Complete 
| 101|0x00000000d6500000, 0x00000000d6600000, 0x00000000d6600000|100%|HC|  |TAMS 0x00000000d6500000| PB 0x00000000d6500000| Complete 
| 102|0x00000000d6600000, 0x00000000d6700000, 0x00000000d6700000|100%|HC|  |TAMS 0x00000000d6600000| PB 0x00000000d6600000| Complete 
| 103|0x00000000d6700000, 0x00000000d6800000, 0x00000000d6800000|100%| O|  |TAMS 0x00000000d6700000| PB 0x00000000d6700000| Untracked 
| 104|0x00000000d6800000, 0x00000000d6900000, 0x00000000d6900000|100%| O|  |TAMS 0x00000000d6800000| PB 0x00000000d6800000| Untracked 
| 105|0x00000000d6900000, 0x00000000d6a00000, 0x00000000d6a00000|100%| O|  |TAMS 0x00000000d6900000| PB 0x00000000d6900000| Untracked 
| 106|0x00000000d6a00000, 0x00000000d6b00000, 0x00000000d6b00000|100%| O|  |TAMS 0x00000000d6a00000| PB 0x00000000d6a00000| Untracked 
| 107|0x00000000d6b00000, 0x00000000d6c00000, 0x00000000d6c00000|100%| O|  |TAMS 0x00000000d6b00000| PB 0x00000000d6b00000| Untracked 
| 108|0x00000000d6c00000, 0x00000000d6d00000, 0x00000000d6d00000|100%| O|  |TAMS 0x00000000d6c00000| PB 0x00000000d6c00000| Untracked 
| 109|0x00000000d6d00000, 0x00000000d6e00000, 0x00000000d6e00000|100%| O|  |TAMS 0x00000000d6d00000| PB 0x00000000d6d00000| Untracked 
| 110|0x00000000d6e00000, 0x00000000d6f00000, 0x00000000d6f00000|100%| O|  |TAMS 0x00000000d6e00000| PB 0x00000000d6e00000| Untracked 
| 111|0x00000000d6f00000, 0x00000000d7000000, 0x00000000d7000000|100%| O|  |TAMS 0x00000000d6f00000| PB 0x00000000d6f00000| Untracked 
| 112|0x00000000d7000000, 0x00000000d7100000, 0x00000000d7100000|100%| O|  |TAMS 0x00000000d7000000| PB 0x00000000d7000000| Untracked 
| 113|0x00000000d7100000, 0x00000000d7200000, 0x00000000d7200000|100%| O|  |TAMS 0x00000000d7100000| PB 0x00000000d7100000| Untracked 
| 114|0x00000000d7200000, 0x00000000d7300000, 0x00000000d7300000|100%|HS|  |TAMS 0x00000000d7200000| PB 0x00000000d7200000| Complete 
| 115|0x00000000d7300000, 0x00000000d7400000, 0x00000000d7400000|100%|HS|  |TAMS 0x00000000d7300000| PB 0x00000000d7300000| Complete 
| 116|0x00000000d7400000, 0x00000000d7500000, 0x00000000d7500000|100%|HS|  |TAMS 0x00000000d7400000| PB 0x00000000d7400000| Complete 
| 117|0x00000000d7500000, 0x00000000d7600000, 0x00000000d7600000|100%|HS|  |TAMS 0x00000000d7500000| PB 0x00000000d7500000| Complete 
| 118|0x00000000d7600000, 0x00000000d7700000, 0x00000000d7700000|100%|HC|  |TAMS 0x00000000d7600000| PB 0x00000000d7600000| Complete 
| 119|0x00000000d7700000, 0x00000000d7800000, 0x00000000d7800000|100%|HC|  |TAMS 0x00000000d7700000| PB 0x00000000d7700000| Complete 
| 120|0x00000000d7800000, 0x00000000d7900000, 0x00000000d7900000|100%| O|  |TAMS 0x00000000d7800000| PB 0x00000000d7800000| Untracked 
| 121|0x00000000d7900000, 0x00000000d7a00000, 0x00000000d7a00000|100%| O|  |TAMS 0x00000000d7900000| PB 0x00000000d7900000| Untracked 
| 122|0x00000000d7a00000, 0x00000000d7b00000, 0x00000000d7b00000|100%| O|  |TAMS 0x00000000d7a00000| PB 0x00000000d7a00000| Untracked 
| 123|0x00000000d7b00000, 0x00000000d7c00000, 0x00000000d7c00000|100%|HS|  |TAMS 0x00000000d7b00000| PB 0x00000000d7b00000| Complete 
| 124|0x00000000d7c00000, 0x00000000d7d00000, 0x00000000d7d00000|100%|HC|  |TAMS 0x00000000d7c00000| PB 0x00000000d7c00000| Complete 
| 125|0x00000000d7d00000, 0x00000000d7e00000, 0x00000000d7e00000|100%| O|  |TAMS 0x00000000d7d00000| PB 0x00000000d7d00000| Untracked 
| 126|0x00000000d7e00000, 0x00000000d7f00000, 0x00000000d7f00000|100%| O|  |TAMS 0x00000000d7e00000| PB 0x00000000d7e00000| Untracked 
| 127|0x00000000d7f00000, 0x00000000d8000000, 0x00000000d8000000|100%| O|  |TAMS 0x00000000d7f00000| PB 0x00000000d7f00000| Untracked 
| 128|0x00000000d8000000, 0x00000000d8000000, 0x00000000d8100000|  0%| F|  |TAMS 0x00000000d8000000| PB 0x00000000d8000000| Untracked 
| 129|0x00000000d8100000, 0x00000000d8200000, 0x00000000d8200000|100%| O|  |TAMS 0x00000000d8100000| PB 0x00000000d8100000| Untracked 
| 130|0x00000000d8200000, 0x00000000d8300000, 0x00000000d8300000|100%| O|  |TAMS 0x00000000d8200000| PB 0x00000000d8200000| Untracked 
| 131|0x00000000d8300000, 0x00000000d8400000, 0x00000000d8400000|100%| O|  |TAMS 0x00000000d8300000| PB 0x00000000d8300000| Untracked 
| 132|0x00000000d8400000, 0x00000000d8500000, 0x00000000d8500000|100%| O|  |TAMS 0x00000000d8400000| PB 0x00000000d8400000| Untracked 
| 133|0x00000000d8500000, 0x00000000d8600000, 0x00000000d8600000|100%| O|  |TAMS 0x00000000d8500000| PB 0x00000000d8500000| Untracked 
| 134|0x00000000d8600000, 0x00000000d8700000, 0x00000000d8700000|100%| O|  |TAMS 0x00000000d8600000| PB 0x00000000d8600000| Untracked 
| 135|0x00000000d8700000, 0x00000000d8800000, 0x00000000d8800000|100%| O|  |TAMS 0x00000000d8700000| PB 0x00000000d8700000| Untracked 
| 136|0x00000000d8800000, 0x00000000d8900000, 0x00000000d8900000|100%| O|  |TAMS 0x00000000d8800000| PB 0x00000000d8800000| Untracked 
| 137|0x00000000d8900000, 0x00000000d8a00000, 0x00000000d8a00000|100%| O|  |TAMS 0x00000000d8900000| PB 0x00000000d8900000| Untracked 
| 138|0x00000000d8a00000, 0x00000000d8b00000, 0x00000000d8b00000|100%| O|  |TAMS 0x00000000d8a00000| PB 0x00000000d8a00000| Untracked 
| 139|0x00000000d8b00000, 0x00000000d8c00000, 0x00000000d8c00000|100%| O|  |TAMS 0x00000000d8b00000| PB 0x00000000d8b00000| Untracked 
| 140|0x00000000d8c00000, 0x00000000d8d00000, 0x00000000d8d00000|100%| O|  |TAMS 0x00000000d8c00000| PB 0x00000000d8c00000| Untracked 
| 141|0x00000000d8d00000, 0x00000000d8d00000, 0x00000000d8e00000|  0%| F|  |TAMS 0x00000000d8d00000| PB 0x00000000d8d00000| Untracked 
| 142|0x00000000d8e00000, 0x00000000d8f00000, 0x00000000d8f00000|100%|HS|  |TAMS 0x00000000d8e00000| PB 0x00000000d8e00000| Complete 
| 143|0x00000000d8f00000, 0x00000000d9000000, 0x00000000d9000000|100%|HS|  |TAMS 0x00000000d8f00000| PB 0x00000000d8f00000| Complete 
| 144|0x00000000d9000000, 0x00000000d9100000, 0x00000000d9100000|100%|HS|  |TAMS 0x00000000d9000000| PB 0x00000000d9000000| Complete 
| 145|0x00000000d9100000, 0x00000000d9200000, 0x00000000d9200000|100%| O|  |TAMS 0x00000000d9100000| PB 0x00000000d9100000| Untracked 
| 146|0x00000000d9200000, 0x00000000d9300000, 0x00000000d9300000|100%| O|  |TAMS 0x00000000d9200000| PB 0x00000000d9200000| Untracked 
| 147|0x00000000d9300000, 0x00000000d9400000, 0x00000000d9400000|100%| O|  |TAMS 0x00000000d9300000| PB 0x00000000d9300000| Untracked 
| 148|0x00000000d9400000, 0x00000000d9500000, 0x00000000d9500000|100%| O|  |TAMS 0x00000000d9400000| PB 0x00000000d9400000| Untracked 
| 149|0x00000000d9500000, 0x00000000d9600000, 0x00000000d9600000|100%| O|  |TAMS 0x00000000d9500000| PB 0x00000000d9500000| Untracked 
| 150|0x00000000d9600000, 0x00000000d9700000, 0x00000000d9700000|100%| O|  |TAMS 0x00000000d9600000| PB 0x00000000d9600000| Untracked 
| 151|0x00000000d9700000, 0x00000000d9800000, 0x00000000d9800000|100%| O|  |TAMS 0x00000000d9700000| PB 0x00000000d9700000| Untracked 
| 152|0x00000000d9800000, 0x00000000d9900000, 0x00000000d9900000|100%| O|  |TAMS 0x00000000d9800000| PB 0x00000000d9800000| Untracked 
| 153|0x00000000d9900000, 0x00000000d9a00000, 0x00000000d9a00000|100%| O|  |TAMS 0x00000000d9900000| PB 0x00000000d9900000| Untracked 
| 154|0x00000000d9a00000, 0x00000000d9b00000, 0x00000000d9b00000|100%| O|  |TAMS 0x00000000d9a00000| PB 0x00000000d9a00000| Untracked 
| 155|0x00000000d9b00000, 0x00000000d9c00000, 0x00000000d9c00000|100%| O|  |TAMS 0x00000000d9b00000| PB 0x00000000d9b00000| Untracked 
| 156|0x00000000d9c00000, 0x00000000d9d00000, 0x00000000d9d00000|100%| O|  |TAMS 0x00000000d9c00000| PB 0x00000000d9c00000| Untracked 
| 157|0x00000000d9d00000, 0x00000000d9e00000, 0x00000000d9e00000|100%| O|  |TAMS 0x00000000d9d00000| PB 0x00000000d9d00000| Untracked 
| 158|0x00000000d9e00000, 0x00000000d9f00000, 0x00000000d9f00000|100%| O|  |TAMS 0x00000000d9e00000| PB 0x00000000d9e00000| Untracked 
| 159|0x00000000d9f00000, 0x00000000da000000, 0x00000000da000000|100%| O|  |TAMS 0x00000000d9f00000| PB 0x00000000d9f00000| Untracked 
| 160|0x00000000da000000, 0x00000000da038940, 0x00000000da100000| 22%| O|  |TAMS 0x00000000da000000| PB 0x00000000da000000| Untracked 
| 161|0x00000000da100000, 0x00000000da100000, 0x00000000da200000|  0%| F|  |TAMS 0x00000000da100000| PB 0x00000000da100000| Untracked 
| 162|0x00000000da200000, 0x00000000da200000, 0x00000000da300000|  0%| F|  |TAMS 0x00000000da200000| PB 0x00000000da200000| Untracked 
| 163|0x00000000da300000, 0x00000000da300000, 0x00000000da400000|  0%| F|  |TAMS 0x00000000da300000| PB 0x00000000da300000| Untracked 
| 164|0x00000000da400000, 0x00000000da400000, 0x00000000da500000|  0%| F|  |TAMS 0x00000000da400000| PB 0x00000000da400000| Untracked 
| 165|0x00000000da500000, 0x00000000da500000, 0x00000000da600000|  0%| F|  |TAMS 0x00000000da500000| PB 0x00000000da500000| Untracked 
| 166|0x00000000da600000, 0x00000000da600000, 0x00000000da700000|  0%| F|  |TAMS 0x00000000da600000| PB 0x00000000da600000| Untracked 
| 167|0x00000000da700000, 0x00000000da75b990, 0x00000000da800000| 35%| S|CS|TAMS 0x00000000da700000| PB 0x00000000da700000| Complete 
| 168|0x00000000da800000, 0x00000000da900000, 0x00000000da900000|100%| S|CS|TAMS 0x00000000da800000| PB 0x00000000da800000| Complete 
| 169|0x00000000da900000, 0x00000000daa00000, 0x00000000daa00000|100%| S|CS|TAMS 0x00000000da900000| PB 0x00000000da900000| Complete 
| 170|0x00000000daa00000, 0x00000000dab00000, 0x00000000dab00000|100%| S|CS|TAMS 0x00000000daa00000| PB 0x00000000daa00000| Complete 
| 171|0x00000000dab00000, 0x00000000dac00000, 0x00000000dac00000|100%| S|CS|TAMS 0x00000000dab00000| PB 0x00000000dab00000| Complete 
| 172|0x00000000dac00000, 0x00000000dad00000, 0x00000000dad00000|100%| S|CS|TAMS 0x00000000dac00000| PB 0x00000000dac00000| Complete 
| 173|0x00000000dad00000, 0x00000000dae00000, 0x00000000dae00000|100%| S|CS|TAMS 0x00000000dad00000| PB 0x00000000dad00000| Complete 
| 174|0x00000000dae00000, 0x00000000dae00000, 0x00000000daf00000|  0%| F|  |TAMS 0x00000000dae00000| PB 0x00000000dae00000| Untracked 
| 175|0x00000000daf00000, 0x00000000daf00000, 0x00000000db000000|  0%| F|  |TAMS 0x00000000daf00000| PB 0x00000000daf00000| Untracked 
| 176|0x00000000db000000, 0x00000000db000000, 0x00000000db100000|  0%| F|  |TAMS 0x00000000db000000| PB 0x00000000db000000| Untracked 
| 177|0x00000000db100000, 0x00000000db100000, 0x00000000db200000|  0%| F|  |TAMS 0x00000000db100000| PB 0x00000000db100000| Untracked 
| 178|0x00000000db200000, 0x00000000db200000, 0x00000000db300000|  0%| F|  |TAMS 0x00000000db200000| PB 0x00000000db200000| Untracked 
| 179|0x00000000db300000, 0x00000000db300000, 0x00000000db400000|  0%| F|  |TAMS 0x00000000db300000| PB 0x00000000db300000| Untracked 
| 180|0x00000000db400000, 0x00000000db400000, 0x00000000db500000|  0%| F|  |TAMS 0x00000000db400000| PB 0x00000000db400000| Untracked 
| 181|0x00000000db500000, 0x00000000db500000, 0x00000000db600000|  0%| F|  |TAMS 0x00000000db500000| PB 0x00000000db500000| Untracked 
| 182|0x00000000db600000, 0x00000000db600000, 0x00000000db700000|  0%| F|  |TAMS 0x00000000db600000| PB 0x00000000db600000| Untracked 
| 183|0x00000000db700000, 0x00000000db700000, 0x00000000db800000|  0%| F|  |TAMS 0x00000000db700000| PB 0x00000000db700000| Untracked 
| 184|0x00000000db800000, 0x00000000db800000, 0x00000000db900000|  0%| F|  |TAMS 0x00000000db800000| PB 0x00000000db800000| Untracked 
| 185|0x00000000db900000, 0x00000000db900000, 0x00000000dba00000|  0%| F|  |TAMS 0x00000000db900000| PB 0x00000000db900000| Untracked 
| 186|0x00000000dba00000, 0x00000000dba00000, 0x00000000dbb00000|  0%| F|  |TAMS 0x00000000dba00000| PB 0x00000000dba00000| Untracked 
| 187|0x00000000dbb00000, 0x00000000dbb00000, 0x00000000dbc00000|  0%| F|  |TAMS 0x00000000dbb00000| PB 0x00000000dbb00000| Untracked 
| 188|0x00000000dbc00000, 0x00000000dbc00000, 0x00000000dbd00000|  0%| F|  |TAMS 0x00000000dbc00000| PB 0x00000000dbc00000| Untracked 
| 189|0x00000000dbd00000, 0x00000000dbd00000, 0x00000000dbe00000|  0%| F|  |TAMS 0x00000000dbd00000| PB 0x00000000dbd00000| Untracked 
| 190|0x00000000dbe00000, 0x00000000dbe00000, 0x00000000dbf00000|  0%| F|  |TAMS 0x00000000dbe00000| PB 0x00000000dbe00000| Untracked 
| 191|0x00000000dbf00000, 0x00000000dbf00000, 0x00000000dc000000|  0%| F|  |TAMS 0x00000000dbf00000| PB 0x00000000dbf00000| Untracked 
| 192|0x00000000dc000000, 0x00000000dc000000, 0x00000000dc100000|  0%| F|  |TAMS 0x00000000dc000000| PB 0x00000000dc000000| Untracked 
| 193|0x00000000dc100000, 0x00000000dc100000, 0x00000000dc200000|  0%| F|  |TAMS 0x00000000dc100000| PB 0x00000000dc100000| Untracked 
| 194|0x00000000dc200000, 0x00000000dc200000, 0x00000000dc300000|  0%| F|  |TAMS 0x00000000dc200000| PB 0x00000000dc200000| Untracked 
| 195|0x00000000dc300000, 0x00000000dc300000, 0x00000000dc400000|  0%| F|  |TAMS 0x00000000dc300000| PB 0x00000000dc300000| Untracked 
| 196|0x00000000dc400000, 0x00000000dc400000, 0x00000000dc500000|  0%| F|  |TAMS 0x00000000dc400000| PB 0x00000000dc400000| Untracked 
| 197|0x00000000dc500000, 0x00000000dc500000, 0x00000000dc600000|  0%| F|  |TAMS 0x00000000dc500000| PB 0x00000000dc500000| Untracked 
| 198|0x00000000dc600000, 0x00000000dc600000, 0x00000000dc700000|  0%| F|  |TAMS 0x00000000dc600000| PB 0x00000000dc600000| Untracked 
| 199|0x00000000dc700000, 0x00000000dc700000, 0x00000000dc800000|  0%| F|  |TAMS 0x00000000dc700000| PB 0x00000000dc700000| Untracked 
| 200|0x00000000dc800000, 0x00000000dc800000, 0x00000000dc900000|  0%| F|  |TAMS 0x00000000dc800000| PB 0x00000000dc800000| Untracked 
| 201|0x00000000dc900000, 0x00000000dc900000, 0x00000000dca00000|  0%| F|  |TAMS 0x00000000dc900000| PB 0x00000000dc900000| Untracked 
| 202|0x00000000dca00000, 0x00000000dca00000, 0x00000000dcb00000|  0%| F|  |TAMS 0x00000000dca00000| PB 0x00000000dca00000| Untracked 
| 203|0x00000000dcb00000, 0x00000000dcb00000, 0x00000000dcc00000|  0%| F|  |TAMS 0x00000000dcb00000| PB 0x00000000dcb00000| Untracked 
| 204|0x00000000dcc00000, 0x00000000dcc00000, 0x00000000dcd00000|  0%| F|  |TAMS 0x00000000dcc00000| PB 0x00000000dcc00000| Untracked 
| 205|0x00000000dcd00000, 0x00000000dcd00000, 0x00000000dce00000|  0%| F|  |TAMS 0x00000000dcd00000| PB 0x00000000dcd00000| Untracked 
| 206|0x00000000dce00000, 0x00000000dce00000, 0x00000000dcf00000|  0%| F|  |TAMS 0x00000000dce00000| PB 0x00000000dce00000| Untracked 
| 207|0x00000000dcf00000, 0x00000000dcf00000, 0x00000000dd000000|  0%| F|  |TAMS 0x00000000dcf00000| PB 0x00000000dcf00000| Untracked 
| 208|0x00000000dd000000, 0x00000000dd000000, 0x00000000dd100000|  0%| F|  |TAMS 0x00000000dd000000| PB 0x00000000dd000000| Untracked 
| 209|0x00000000dd100000, 0x00000000dd100000, 0x00000000dd200000|  0%| F|  |TAMS 0x00000000dd100000| PB 0x00000000dd100000| Untracked 
| 210|0x00000000dd200000, 0x00000000dd200000, 0x00000000dd300000|  0%| F|  |TAMS 0x00000000dd200000| PB 0x00000000dd200000| Untracked 
| 211|0x00000000dd300000, 0x00000000dd300000, 0x00000000dd400000|  0%| F|  |TAMS 0x00000000dd300000| PB 0x00000000dd300000| Untracked 
| 212|0x00000000dd400000, 0x00000000dd400000, 0x00000000dd500000|  0%| F|  |TAMS 0x00000000dd400000| PB 0x00000000dd400000| Untracked 
| 213|0x00000000dd500000, 0x00000000dd500000, 0x00000000dd600000|  0%| F|  |TAMS 0x00000000dd500000| PB 0x00000000dd500000| Untracked 
| 214|0x00000000dd600000, 0x00000000dd600000, 0x00000000dd700000|  0%| F|  |TAMS 0x00000000dd600000| PB 0x00000000dd600000| Untracked 
| 215|0x00000000dd700000, 0x00000000dd700000, 0x00000000dd800000|  0%| F|  |TAMS 0x00000000dd700000| PB 0x00000000dd700000| Untracked 
| 216|0x00000000dd800000, 0x00000000dd800000, 0x00000000dd900000|  0%| F|  |TAMS 0x00000000dd800000| PB 0x00000000dd800000| Untracked 
| 217|0x00000000dd900000, 0x00000000dd900000, 0x00000000dda00000|  0%| F|  |TAMS 0x00000000dd900000| PB 0x00000000dd900000| Untracked 
| 218|0x00000000dda00000, 0x00000000dda00000, 0x00000000ddb00000|  0%| F|  |TAMS 0x00000000dda00000| PB 0x00000000dda00000| Untracked 
| 219|0x00000000ddb00000, 0x00000000ddb00000, 0x00000000ddc00000|  0%| F|  |TAMS 0x00000000ddb00000| PB 0x00000000ddb00000| Untracked 
| 220|0x00000000ddc00000, 0x00000000ddc00000, 0x00000000ddd00000|  0%| F|  |TAMS 0x00000000ddc00000| PB 0x00000000ddc00000| Untracked 
| 221|0x00000000ddd00000, 0x00000000ddd00000, 0x00000000dde00000|  0%| F|  |TAMS 0x00000000ddd00000| PB 0x00000000ddd00000| Untracked 
| 222|0x00000000dde00000, 0x00000000dde00000, 0x00000000ddf00000|  0%| F|  |TAMS 0x00000000dde00000| PB 0x00000000dde00000| Untracked 
| 223|0x00000000ddf00000, 0x00000000ddf7db90, 0x00000000de000000| 49%| E|  |TAMS 0x00000000ddf00000| PB 0x00000000ddf00000| Complete 
| 224|0x00000000de000000, 0x00000000de100000, 0x00000000de100000|100%| E|CS|TAMS 0x00000000de000000| PB 0x00000000de000000| Complete 
| 225|0x00000000de100000, 0x00000000de200000, 0x00000000de200000|100%| E|CS|TAMS 0x00000000de100000| PB 0x00000000de100000| Complete 
| 226|0x00000000de200000, 0x00000000de300000, 0x00000000de300000|100%| E|CS|TAMS 0x00000000de200000| PB 0x00000000de200000| Complete 
| 227|0x00000000de300000, 0x00000000de400000, 0x00000000de400000|100%| E|CS|TAMS 0x00000000de300000| PB 0x00000000de300000| Complete 
| 228|0x00000000de400000, 0x00000000de500000, 0x00000000de500000|100%| E|CS|TAMS 0x00000000de400000| PB 0x00000000de400000| Complete 
| 229|0x00000000de500000, 0x00000000de600000, 0x00000000de600000|100%| E|CS|TAMS 0x00000000de500000| PB 0x00000000de500000| Complete 
| 230|0x00000000de600000, 0x00000000de700000, 0x00000000de700000|100%| E|CS|TAMS 0x00000000de600000| PB 0x00000000de600000| Complete 
| 231|0x00000000de700000, 0x00000000de800000, 0x00000000de800000|100%| E|CS|TAMS 0x00000000de700000| PB 0x00000000de700000| Complete 
| 232|0x00000000de800000, 0x00000000de900000, 0x00000000de900000|100%| E|CS|TAMS 0x00000000de800000| PB 0x00000000de800000| Complete 
| 233|0x00000000de900000, 0x00000000dea00000, 0x00000000dea00000|100%| E|CS|TAMS 0x00000000de900000| PB 0x00000000de900000| Complete 
| 234|0x00000000dea00000, 0x00000000deb00000, 0x00000000deb00000|100%| E|CS|TAMS 0x00000000dea00000| PB 0x00000000dea00000| Complete 
| 235|0x00000000deb00000, 0x00000000dec00000, 0x00000000dec00000|100%| E|CS|TAMS 0x00000000deb00000| PB 0x00000000deb00000| Complete 
| 236|0x00000000dec00000, 0x00000000ded00000, 0x00000000ded00000|100%| E|CS|TAMS 0x00000000dec00000| PB 0x00000000dec00000| Complete 
| 237|0x00000000ded00000, 0x00000000dee00000, 0x00000000dee00000|100%| E|CS|TAMS 0x00000000ded00000| PB 0x00000000ded00000| Complete 
| 238|0x00000000dee00000, 0x00000000def00000, 0x00000000def00000|100%| E|CS|TAMS 0x00000000dee00000| PB 0x00000000dee00000| Complete 
| 239|0x00000000def00000, 0x00000000df000000, 0x00000000df000000|100%| E|  |TAMS 0x00000000def00000| PB 0x00000000def00000| Complete 
| 240|0x00000000df000000, 0x00000000df100000, 0x00000000df100000|100%| E|CS|TAMS 0x00000000df000000| PB 0x00000000df000000| Complete 
| 241|0x00000000df100000, 0x00000000df200000, 0x00000000df200000|100%| E|CS|TAMS 0x00000000df100000| PB 0x00000000df100000| Complete 
| 242|0x00000000df200000, 0x00000000df300000, 0x00000000df300000|100%| E|CS|TAMS 0x00000000df200000| PB 0x00000000df200000| Complete 
| 243|0x00000000df300000, 0x00000000df400000, 0x00000000df400000|100%| E|CS|TAMS 0x00000000df300000| PB 0x00000000df300000| Complete 
| 244|0x00000000df400000, 0x00000000df500000, 0x00000000df500000|100%| E|CS|TAMS 0x00000000df400000| PB 0x00000000df400000| Complete 
| 245|0x00000000df500000, 0x00000000df600000, 0x00000000df600000|100%| E|CS|TAMS 0x00000000df500000| PB 0x00000000df500000| Complete 
| 246|0x00000000df600000, 0x00000000df700000, 0x00000000df700000|100%| E|CS|TAMS 0x00000000df600000| PB 0x00000000df600000| Complete 
| 247|0x00000000df700000, 0x00000000df800000, 0x00000000df800000|100%| E|CS|TAMS 0x00000000df700000| PB 0x00000000df700000| Complete 
| 248|0x00000000df800000, 0x00000000df900000, 0x00000000df900000|100%| E|CS|TAMS 0x00000000df800000| PB 0x00000000df800000| Complete 
| 249|0x00000000df900000, 0x00000000dfa00000, 0x00000000dfa00000|100%| E|CS|TAMS 0x00000000df900000| PB 0x00000000df900000| Complete 
| 250|0x00000000dfa00000, 0x00000000dfb00000, 0x00000000dfb00000|100%| E|CS|TAMS 0x00000000dfa00000| PB 0x00000000dfa00000| Complete 
| 251|0x00000000dfb00000, 0x00000000dfc00000, 0x00000000dfc00000|100%| E|CS|TAMS 0x00000000dfb00000| PB 0x00000000dfb00000| Complete 
| 252|0x00000000dfc00000, 0x00000000dfd00000, 0x00000000dfd00000|100%| E|CS|TAMS 0x00000000dfc00000| PB 0x00000000dfc00000| Complete 
| 253|0x00000000dfd00000, 0x00000000dfe00000, 0x00000000dfe00000|100%| E|CS|TAMS 0x00000000dfd00000| PB 0x00000000dfd00000| Complete 
| 254|0x00000000dfe00000, 0x00000000dff00000, 0x00000000dff00000|100%| E|CS|TAMS 0x00000000dfe00000| PB 0x00000000dfe00000| Complete 
| 753|0x00000000ff100000, 0x00000000ff200000, 0x00000000ff200000|100%| O|  |TAMS 0x00000000ff100000| PB 0x00000000ff100000| Untracked 
| 754|0x00000000ff200000, 0x00000000ff300000, 0x00000000ff300000|100%| O|  |TAMS 0x00000000ff200000| PB 0x00000000ff200000| Untracked 
| 755|0x00000000ff300000, 0x00000000ff400000, 0x00000000ff400000|100%| O|  |TAMS 0x00000000ff300000| PB 0x00000000ff300000| Untracked 
| 756|0x00000000ff400000, 0x00000000ff500000, 0x00000000ff500000|100%| E|CS|TAMS 0x00000000ff400000| PB 0x00000000ff400000| Complete 
| 757|0x00000000ff500000, 0x00000000ff600000, 0x00000000ff600000|100%| O|  |TAMS 0x00000000ff500000| PB 0x00000000ff500000| Untracked 
| 758|0x00000000ff600000, 0x00000000ff700000, 0x00000000ff700000|100%| E|CS|TAMS 0x00000000ff600000| PB 0x00000000ff600000| Complete 
| 759|0x00000000ff700000, 0x00000000ff800000, 0x00000000ff800000|100%| E|CS|TAMS 0x00000000ff700000| PB 0x00000000ff700000| Complete 
| 760|0x00000000ff800000, 0x00000000ff900000, 0x00000000ff900000|100%| O|  |TAMS 0x00000000ff800000| PB 0x00000000ff800000| Untracked 
| 761|0x00000000ff900000, 0x00000000ffa00000, 0x00000000ffa00000|100%| O|  |TAMS 0x00000000ff900000| PB 0x00000000ff900000| Untracked 
| 762|0x00000000ffa00000, 0x00000000ffb00000, 0x00000000ffb00000|100%| E|CS|TAMS 0x00000000ffa00000| PB 0x00000000ffa00000| Complete 
| 763|0x00000000ffb00000, 0x00000000ffc00000, 0x00000000ffc00000|100%| E|CS|TAMS 0x00000000ffb00000| PB 0x00000000ffb00000| Complete 
| 764|0x00000000ffc00000, 0x00000000ffd00000, 0x00000000ffd00000|100%| O|  |TAMS 0x00000000ffc00000| PB 0x00000000ffc00000| Untracked 
| 765|0x00000000ffd00000, 0x00000000ffe00000, 0x00000000ffe00000|100%| E|CS|TAMS 0x00000000ffd00000| PB 0x00000000ffd00000| Complete 
| 766|0x00000000ffe00000, 0x00000000fff00000, 0x00000000fff00000|100%| O|  |TAMS 0x00000000ffe00000| PB 0x00000000ffe00000| Untracked 
| 767|0x00000000fff00000, 0x0000000100000000, 0x0000000100000000|100%| O|  |TAMS 0x00000000fff00000| PB 0x00000000fff00000| Untracked 

Card table byte_map: [0x00000200d0fa0000,0x00000200d1120000] _byte_map_base: 0x00000200d0920000

Marking Bits: (CMBitMap*) 0x00000200be69cc70
 Bits: [0x00000200d1120000, 0x00000200d1d20000)

Polling page: 0x00000200c0080000

Metaspace:

Usage:
  Non-class:    101.23 MB used.
      Class:     16.05 MB used.
       Both:    117.28 MB used.

Virtual space:
  Non-class space:      128.00 MB reserved,     102.50 MB ( 80%) committed,  2 nodes.
      Class space:      208.00 MB reserved,      17.31 MB (  8%) committed,  1 nodes.
             Both:      336.00 MB reserved,     119.81 MB ( 36%) committed. 

Chunk freelists:
   Non-Class:  8.83 MB
       Class:  14.66 MB
        Both:  23.49 MB

MaxMetaspaceSize: 256.00 MB
CompressedClassSpaceSize: 208.00 MB
Initial GC threshold: 21.00 MB
Current GC threshold: 175.56 MB
CDS: on
 - commit_granule_bytes: 65536.
 - commit_granule_words: 8192.
 - virtual_space_node_default_size: 8388608.
 - enlarge_chunks_in_place: 1.
 - use_allocation_guard: 0.


Internal statistics:

num_allocs_failed_limit: 9.
num_arena_births: 4480.
num_arena_deaths: 0.
num_vsnodes_births: 3.
num_vsnodes_deaths: 0.
num_space_committed: 1917.
num_space_uncommitted: 0.
num_chunks_returned_to_freelist: 9.
num_chunks_taken_from_freelist: 9883.
num_chunk_merges: 3.
num_chunk_splits: 6430.
num_chunks_enlarged: 4050.
num_inconsistent_stats: 0.

CodeCache: size=131072Kb used=38032Kb max_used=38050Kb free=93039Kb
 bounds [0x00000200c8fa0000, 0x00000200cb4d0000, 0x00000200d0fa0000]
 total_blobs=13710 nmethods=12634 adapters=978
 compilation: enabled
              stopped_count=0, restarted_count=0
 full_count=0

Compilation events (20 events):
Event: 275.752 Thread 0x00000200d42884e0 nmethod 17278 0x00000200cb4b5290 code [0x00000200cb4b5420, 0x00000200cb4b54e8]
Event: 275.752 Thread 0x00000200d42884e0 17279       1       com.sun.org.apache.xerces.internal.xni.parser.XMLInputSource::getCharacterStream (5 bytes)
Event: 275.752 Thread 0x00000200d42884e0 nmethod 17279 0x00000200cb4b5590 code [0x00000200cb4b5720, 0x00000200cb4b57e8]
Event: 275.752 Thread 0x00000200d42884e0 17280       1       com.sun.org.apache.xerces.internal.xni.parser.XMLInputSource::getByteStream (5 bytes)
Event: 275.752 Thread 0x00000200d42884e0 nmethod 17280 0x00000200cb4b5890 code [0x00000200cb4b5a20, 0x00000200cb4b5ae8]
Event: 275.752 Thread 0x00000200d42884e0 17281       1       com.sun.org.apache.xerces.internal.impl.XMLErrorReporter::getLocale (5 bytes)
Event: 275.752 Thread 0x00000200d42884e0 nmethod 17281 0x00000200cb4b5b90 code [0x00000200cb4b5d20, 0x00000200cb4b5de8]
Event: 275.752 Thread 0x00000200d42884e0 17282       1       com.sun.xml.internal.stream.Entity$ScannedEntity::setEncodingExternallySpecified (6 bytes)
Event: 275.753 Thread 0x00000200d42884e0 nmethod 17282 0x00000200cb4b5e90 code [0x00000200cb4b6020, 0x00000200cb4b60f0]
Event: 275.753 Thread 0x00000200d42884e0 17283       1       com.sun.org.apache.xerces.internal.impl.dtd.DTDGrammarBucket::getActiveGrammar (5 bytes)
Event: 275.753 Thread 0x00000200d42884e0 nmethod 17283 0x00000200cb4b6190 code [0x00000200cb4b6320, 0x00000200cb4b63e8]
Event: 275.753 Thread 0x00000200d42884e0 17284       1       com.sun.org.apache.xerces.internal.impl.XMLDTDScannerImpl::setScannerState (6 bytes)
Event: 275.753 Thread 0x00000200d42884e0 nmethod 17284 0x00000200cb4b6490 code [0x00000200cb4b6620, 0x00000200cb4b66e8]
Event: 275.753 Thread 0x00000200d42884e0 17285       1       com.sun.org.apache.xerces.internal.impl.validation.ValidationState::setEntityState (6 bytes)
Event: 275.753 Thread 0x00000200d42884e0 nmethod 17285 0x00000200cb4b6790 code [0x00000200cb4b6920, 0x00000200cb4b6a30]
Event: 275.761 Thread 0x00000200d42884e0 17286       3       com.sun.org.apache.xerces.internal.util.AugmentationsImpl$SmallContainer::getItem (43 bytes)
Event: 275.762 Thread 0x00000200d42884e0 nmethod 17286 0x00000200cb4b6a90 code [0x00000200cb4b6c60, 0x00000200cb4b6fc0]
Event: 275.765 Thread 0x00000200d42884e0 17287   !   3       com.sun.org.apache.xerces.internal.impl.XMLDocumentFragmentScannerImpl$FragmentContentDriver::next (2331 bytes)
Event: 275.778 Thread 0x00000200d42884e0 nmethod 17287 0x00000200cb4b7190 code [0x00000200cb4b7c40, 0x00000200cb4bdf48]
Event: 275.947 Thread 0x00000200d42884e0 17288   !   3       sun.security.ssl.SSLCipher$T13GcmReadCipherGenerator$GcmReadCipher::decrypt (555 bytes)

GC Heap History (20 events):
Event: 172.063 GC heap before
{Heap before GC invocations=56 (full 0):
 garbage-first heap   total 217088K, used 177073K [0x00000000d0000000, 0x0000000100000000)
  region size 1024K, 51 young (52224K), 4 survivors (4096K)
 Metaspace       used 89999K, committed 92352K, reserved 344064K
  class space    used 12378K, committed 13568K, reserved 212992K
}
Event: 172.174 GC heap after
{Heap after GC invocations=57 (full 0):
 garbage-first heap   total 217088K, used 131072K [0x00000000d0000000, 0x0000000100000000)
  region size 1024K, 5 young (5120K), 5 survivors (5120K)
 Metaspace       used 89999K, committed 92352K, reserved 344064K
  class space    used 12378K, committed 13568K, reserved 212992K
}
Event: 213.647 GC heap before
{Heap before GC invocations=58 (full 0):
 garbage-first heap   total 217088K, used 207872K [0x00000000d0000000, 0x0000000100000000)
  region size 1024K, 72 young (73728K), 5 survivors (5120K)
 Metaspace       used 91796K, committed 94208K, reserved 344064K
  class space    used 12614K, committed 13824K, reserved 212992K
}
Event: 213.771 GC heap after
{Heap after GC invocations=59 (full 0):
 garbage-first heap   total 222208K, used 146946K [0x00000000d0000000, 0x0000000100000000)
  region size 1024K, 9 young (9216K), 9 survivors (9216K)
 Metaspace       used 91796K, committed 94208K, reserved 344064K
  class space    used 12614K, committed 13824K, reserved 212992K
}
Event: 215.275 GC heap before
{Heap before GC invocations=59 (full 0):
 garbage-first heap   total 222208K, used 200194K [0x00000000d0000000, 0x0000000100000000)
  region size 1024K, 61 young (62464K), 9 survivors (9216K)
 Metaspace       used 94113K, committed 96512K, reserved 344064K
  class space    used 12929K, committed 14144K, reserved 212992K
}
Event: 215.320 GC heap after
{Heap after GC invocations=60 (full 0):
 garbage-first heap   total 222208K, used 148898K [0x00000000d0000000, 0x0000000100000000)
  region size 1024K, 3 young (3072K), 3 survivors (3072K)
 Metaspace       used 94113K, committed 96512K, reserved 344064K
  class space    used 12929K, committed 14144K, reserved 212992K
}
Event: 215.664 GC heap before
{Heap before GC invocations=60 (full 0):
 garbage-first heap   total 222208K, used 164258K [0x00000000d0000000, 0x0000000100000000)
  region size 1024K, 19 young (19456K), 3 survivors (3072K)
 Metaspace       used 95232K, committed 97728K, reserved 344064K
  class space    used 13084K, committed 14336K, reserved 212992K
}
Event: 215.692 GC heap after
{Heap after GC invocations=61 (full 0):
 garbage-first heap   total 222208K, used 149211K [0x00000000d0000000, 0x0000000100000000)
  region size 1024K, 4 young (4096K), 4 survivors (4096K)
 Metaspace       used 95232K, committed 97728K, reserved 344064K
  class space    used 13084K, committed 14336K, reserved 212992K
}
Event: 218.998 GC heap before
{Heap before GC invocations=62 (full 0):
 garbage-first heap   total 252928K, used 204507K [0x00000000d0000000, 0x0000000100000000)
  region size 1024K, 57 young (58368K), 4 survivors (4096K)
 Metaspace       used 99050K, committed 101440K, reserved 344064K
  class space    used 13782K, committed 14976K, reserved 212992K
}
Event: 219.009 GC heap after
{Heap after GC invocations=63 (full 0):
 garbage-first heap   total 252928K, used 150946K [0x00000000d0000000, 0x0000000100000000)
  region size 1024K, 5 young (5120K), 5 survivors (5120K)
 Metaspace       used 99050K, committed 101440K, reserved 344064K
  class space    used 13782K, committed 14976K, reserved 212992K
}
Event: 224.990 GC heap before
{Heap before GC invocations=63 (full 0):
 garbage-first heap   total 252928K, used 233890K [0x00000000d0000000, 0x0000000100000000)
  region size 1024K, 86 young (88064K), 5 survivors (5120K)
 Metaspace       used 103317K, committed 105856K, reserved 344064K
  class space    used 14328K, committed 15616K, reserved 212992K
}
Event: 225.062 GC heap after
{Heap after GC invocations=64 (full 0):
 garbage-first heap   total 252928K, used 155962K [0x00000000d0000000, 0x0000000100000000)
  region size 1024K, 10 young (10240K), 10 survivors (10240K)
 Metaspace       used 103317K, committed 105856K, reserved 344064K
  class space    used 14328K, committed 15616K, reserved 212992K
}
Event: 230.090 GC heap before
{Heap before GC invocations=64 (full 0):
 garbage-first heap   total 252928K, used 228666K [0x00000000d0000000, 0x0000000100000000)
  region size 1024K, 81 young (82944K), 10 survivors (10240K)
 Metaspace       used 104806K, committed 107392K, reserved 344064K
  class space    used 14522K, committed 15808K, reserved 212992K
}
Event: 230.167 GC heap after
{Heap after GC invocations=65 (full 0):
 garbage-first heap   total 252928K, used 160143K [0x00000000d0000000, 0x0000000100000000)
  region size 1024K, 10 young (10240K), 10 survivors (10240K)
 Metaspace       used 104806K, committed 107392K, reserved 344064K
  class space    used 14522K, committed 15808K, reserved 212992K
}
Event: 232.146 GC heap before
{Heap before GC invocations=65 (full 0):
 garbage-first heap   total 252928K, used 216463K [0x00000000d0000000, 0x0000000100000000)
  region size 1024K, 66 young (67584K), 10 survivors (10240K)
 Metaspace       used 105228K, committed 107840K, reserved 344064K
  class space    used 14576K, committed 15872K, reserved 212992K
}
Event: 232.189 GC heap after
{Heap after GC invocations=66 (full 0):
 garbage-first heap   total 252928K, used 162938K [0x00000000d0000000, 0x0000000100000000)
  region size 1024K, 8 young (8192K), 8 survivors (8192K)
 Metaspace       used 105228K, committed 107840K, reserved 344064K
  class space    used 14576K, committed 15872K, reserved 212992K
}
Event: 246.386 GC heap before
{Heap before GC invocations=67 (full 0):
 garbage-first heap   total 276480K, used 233594K [0x00000000d0000000, 0x0000000100000000)
  region size 1024K, 73 young (74752K), 8 survivors (8192K)
 Metaspace       used 108934K, committed 111552K, reserved 344064K
  class space    used 15227K, committed 16512K, reserved 212992K
}
Event: 246.449 GC heap after
{Heap after GC invocations=68 (full 0):
 garbage-first heap   total 276480K, used 172340K [0x00000000d0000000, 0x0000000100000000)
  region size 1024K, 9 young (9216K), 9 survivors (9216K)
 Metaspace       used 108934K, committed 111552K, reserved 344064K
  class space    used 15227K, committed 16512K, reserved 212992K
}
Event: 254.098 GC heap before
{Heap before GC invocations=68 (full 0):
 garbage-first heap   total 276480K, used 250164K [0x00000000d0000000, 0x0000000100000000)
  region size 1024K, 86 young (88064K), 9 survivors (9216K)
 Metaspace       used 119158K, committed 121792K, reserved 344064K
  class space    used 16411K, committed 17728K, reserved 212992K
}
Event: 254.225 GC heap after
{Heap after GC invocations=69 (full 0):
 garbage-first heap   total 276480K, used 177744K [0x00000000d0000000, 0x0000000100000000)
  region size 1024K, 7 young (7168K), 7 survivors (7168K)
 Metaspace       used 119158K, committed 121792K, reserved 344064K
  class space    used 16411K, committed 17728K, reserved 212992K
}

Dll operation events (15 events):
Event: 0.029 Loaded shared library C:\Program Files\Eclipse Adoptium\jdk-21.0.6.7-hotspot\bin\java.dll
Event: 0.090 Loaded shared library C:\Program Files\Eclipse Adoptium\jdk-21.0.6.7-hotspot\bin\jsvml.dll
Event: 0.196 Loaded shared library C:\Program Files\Eclipse Adoptium\jdk-21.0.6.7-hotspot\bin\zip.dll
Event: 0.206 Loaded shared library C:\Program Files\Eclipse Adoptium\jdk-21.0.6.7-hotspot\bin\instrument.dll
Event: 0.217 Loaded shared library C:\Program Files\Eclipse Adoptium\jdk-21.0.6.7-hotspot\bin\net.dll
Event: 0.223 Loaded shared library C:\Program Files\Eclipse Adoptium\jdk-21.0.6.7-hotspot\bin\nio.dll
Event: 0.228 Loaded shared library C:\Program Files\Eclipse Adoptium\jdk-21.0.6.7-hotspot\bin\zip.dll
Event: 0.912 Loaded shared library C:\Program Files\Eclipse Adoptium\jdk-21.0.6.7-hotspot\bin\jimage.dll
Event: 2.309 Loaded shared library C:\Program Files\Eclipse Adoptium\jdk-21.0.6.7-hotspot\bin\verify.dll
Event: 2.625 Loaded shared library C:\Users\bouri\.gradle\native\c067742578af261105cb4f569cf0c3c89f3d7b1fecec35dd04571415982c5e48\windows-amd64\native-platform.dll
Event: 2.788 Loaded shared library C:\Users\bouri\.gradle\native\100fb08df4bc3b14c8652ba06237920a3bd2aa13389f12d3474272988ae205f9\windows-amd64\native-platform-file-events.dll
Event: 28.903 Loaded shared library C:\Program Files\Eclipse Adoptium\jdk-21.0.6.7-hotspot\bin\management.dll
Event: 28.924 Loaded shared library C:\Program Files\Eclipse Adoptium\jdk-21.0.6.7-hotspot\bin\management_ext.dll
Event: 29.924 Loaded shared library C:\Program Files\Eclipse Adoptium\jdk-21.0.6.7-hotspot\bin\extnet.dll
Event: 31.893 Loaded shared library C:\Program Files\Eclipse Adoptium\jdk-21.0.6.7-hotspot\bin\sunmscapi.dll

Deoptimization events (20 events):
Event: 264.455 Thread 0x00000200ea665310 DEOPT PACKING pc=0x00000200cb344c98 sp=0x000000dcf84fcf50
Event: 264.455 Thread 0x00000200ea665310 DEOPT UNPACKING pc=0x00000200c8ff46a2 sp=0x000000dcf84fcf20 mode 2
Event: 264.489 Thread 0x00000200ea6673e0 Uncommon trap: trap_request=0xffffff45 fr.pc=0x00000200c976ec90 relative=0x0000000000000170
Event: 264.489 Thread 0x00000200ea6673e0 Uncommon trap: reason=unstable_if action=reinterpret pc=0x00000200c976ec90 method=java.util.concurrent.locks.ReentrantLock$Sync.tryLock()Z @ 34 c2
Event: 264.489 Thread 0x00000200ea6673e0 DEOPT PACKING pc=0x00000200c976ec90 sp=0x000000dcf88fd200
Event: 264.489 Thread 0x00000200ea6673e0 DEOPT UNPACKING pc=0x00000200c8ff46a2 sp=0x000000dcf88fd1a0 mode 2
Event: 264.556 Thread 0x00000200ea665310 Uncommon trap: trap_request=0xffffffcc fr.pc=0x00000200cb365900 relative=0x0000000000003dc0
Event: 264.556 Thread 0x00000200ea665310 Uncommon trap: reason=intrinsic_or_type_checked_inlining action=make_not_entrant pc=0x00000200cb365900 method=java.util.ArrayList$SubList.toArray([Ljava/lang/Object;)[Ljava/lang/Object; @ 58 c2
Event: 264.556 Thread 0x00000200ea665310 DEOPT PACKING pc=0x00000200cb365900 sp=0x000000dcf84fb920
Event: 264.556 Thread 0x00000200ea665310 DEOPT UNPACKING pc=0x00000200c8ff46a2 sp=0x000000dcf84fb768 mode 2
Event: 265.378 Thread 0x00000200ea665310 DEOPT PACKING pc=0x00000200cb17cd6d sp=0x000000dcf84fb9e0
Event: 265.378 Thread 0x00000200ea665310 DEOPT UNPACKING pc=0x00000200c8ff4e42 sp=0x000000dcf84faf00 mode 0
Event: 265.735 Thread 0x00000200e74a4000 DEOPT PACKING pc=0x00000200cafd88c2 sp=0x000000dcf61f5470
Event: 265.735 Thread 0x00000200e74a4000 DEOPT UNPACKING pc=0x00000200c8ff4e42 sp=0x000000dcf61f4980 mode 0
Event: 270.221 Thread 0x00000200e74a4000 DEOPT PACKING pc=0x00000200cb22ddfe sp=0x000000dcf61f66d0
Event: 270.221 Thread 0x00000200e74a4000 DEOPT UNPACKING pc=0x00000200c8ff4e42 sp=0x000000dcf61f5bc8 mode 0
Event: 275.761 Thread 0x00000200eaf6b2f0 Uncommon trap: trap_request=0xffffff45 fr.pc=0x00000200cb41b60c relative=0x000000000000142c
Event: 275.762 Thread 0x00000200eaf6b2f0 Uncommon trap: reason=unstable_if action=reinterpret pc=0x00000200cb41b60c method=com.sun.org.apache.xerces.internal.impl.XMLDocumentFragmentScannerImpl$FragmentContentDriver.next()I @ 782 c2
Event: 275.762 Thread 0x00000200eaf6b2f0 DEOPT PACKING pc=0x00000200cb41b60c sp=0x000000dcf8dfb590
Event: 275.763 Thread 0x00000200eaf6b2f0 DEOPT UNPACKING pc=0x00000200c8ff46a2 sp=0x000000dcf8dfb560 mode 2

Classes loaded (20 events):
Event: 254.089 Loading class org/w3c/dom/Comment
Event: 254.089 Loading class org/w3c/dom/Comment done
Event: 254.089 Loading class com/sun/org/apache/xerces/internal/dom/CommentImpl done
Event: 254.089 Loading class com/sun/org/apache/xerces/internal/dom/DeferredCommentImpl done
Event: 255.904 Loading class sun/security/ssl/PreSharedKeyExtension$PskIdentity
Event: 255.952 Loading class sun/security/ssl/PreSharedKeyExtension$PskIdentity done
Event: 255.954 Loading class sun/security/ssl/PreSharedKeyExtension$CHPreSharedKeySpec
Event: 255.955 Loading class sun/security/ssl/PreSharedKeyExtension$CHPreSharedKeySpec done
Event: 255.955 Loading class sun/security/ssl/PreSharedKeyExtension$PartialClientHelloMessage
Event: 255.957 Loading class sun/security/ssl/PreSharedKeyExtension$PartialClientHelloMessage done
Event: 255.957 Loading class sun/security/ssl/SSLEngineOutputRecord
Event: 255.959 Loading class sun/security/ssl/SSLEngineOutputRecord done
Event: 255.959 Loading class sun/security/ssl/SSLEngineOutputRecord$HandshakeFragment
Event: 255.961 Loading class sun/security/ssl/SSLEngineOutputRecord$HandshakeFragment done
Event: 255.962 Loading class sun/security/ssl/SSLEngineOutputRecord$HandshakeMemo
Event: 255.962 Loading class sun/security/ssl/SSLEngineOutputRecord$RecordMemo
Event: 255.962 Loading class sun/security/ssl/SSLEngineOutputRecord$RecordMemo done
Event: 255.962 Loading class sun/security/ssl/SSLEngineOutputRecord$HandshakeMemo done
Event: 256.150 Loading class sun/security/ssl/PreSharedKeyExtension$SHPreSharedKeySpec
Event: 256.204 Loading class sun/security/ssl/PreSharedKeyExtension$SHPreSharedKeySpec done

Classes unloaded (0 events):
No events

Classes redefined (0 events):
No events

Internal exceptions (20 events):
Event: 248.830 Thread 0x00000200e74a4000 Exception <a 'sun/nio/fs/WindowsException'{0x00000000ddaa2fc8}> (0x00000000ddaa2fc8) 
thrown [s\src\hotspot\share\prims\jni.cpp, line 520]
Event: 248.839 Thread 0x00000200e74a4000 Exception <a 'sun/nio/fs/WindowsException'{0x00000000ddab6320}> (0x00000000ddab6320) 
thrown [s\src\hotspot\share\prims\jni.cpp, line 520]
Event: 248.843 Thread 0x00000200e74a4000 Exception <a 'sun/nio/fs/WindowsException'{0x00000000ddaca7a0}> (0x00000000ddaca7a0) 
thrown [s\src\hotspot\share\prims\jni.cpp, line 520]
Event: 248.851 Thread 0x00000200e74a4000 Exception <a 'sun/nio/fs/WindowsException'{0x00000000ddad5548}> (0x00000000ddad5548) 
thrown [s\src\hotspot\share\prims\jni.cpp, line 520]
Event: 249.018 Thread 0x00000200e9b381a0 Exception <a 'sun/nio/fs/WindowsException'{0x00000000dd70bf28}> (0x00000000dd70bf28) 
thrown [s\src\hotspot\share\prims\jni.cpp, line 520]
Event: 249.019 Thread 0x00000200e9b381a0 Exception <a 'sun/nio/fs/WindowsException'{0x00000000dd70c620}> (0x00000000dd70c620) 
thrown [s\src\hotspot\share\prims\jni.cpp, line 520]
Event: 249.029 Thread 0x00000200e9b381a0 Exception <a 'sun/nio/fs/WindowsException'{0x00000000dd72c720}> (0x00000000dd72c720) 
thrown [s\src\hotspot\share\prims\jni.cpp, line 520]
Event: 249.032 Thread 0x00000200e9b381a0 Exception <a 'sun/nio/fs/WindowsException'{0x00000000dd73d518}> (0x00000000dd73d518) 
thrown [s\src\hotspot\share\prims\jni.cpp, line 520]
Event: 249.036 Thread 0x00000200e9b381a0 Exception <a 'sun/nio/fs/WindowsException'{0x00000000dd74ed48}> (0x00000000dd74ed48) 
thrown [s\src\hotspot\share\prims\jni.cpp, line 520]
Event: 249.038 Thread 0x00000200e9b381a0 Exception <a 'sun/nio/fs/WindowsException'{0x00000000dd75daa0}> (0x00000000dd75daa0) 
thrown [s\src\hotspot\share\prims\jni.cpp, line 520]
Event: 249.069 Thread 0x00000200e74a4000 Exception <a 'java/lang/ClassNotFoundException'{0x00000000dd77e3e8}: build_76pijhc3sc7vddzpmloyx4awrBeanInfo> (0x00000000dd77e3e8) 
thrown [s\src\hotspot\share\classfile\systemDictionary.cpp, line 312]
Event: 249.071 Thread 0x00000200e74a4000 Exception <a 'java/lang/ClassNotFoundException'{0x00000000dd784d60}: build_76pijhc3sc7vddzpmloyx4awrCustomizer> (0x00000000dd784d60) 
thrown [s\src\hotspot\share\classfile\systemDictionary.cpp, line 312]
Event: 249.529 Thread 0x00000200e9b38ec0 Implicit null exception at 0x00000200c9a9b07b to 0x00000200c9a9b0b4
Event: 249.529 Thread 0x00000200e74a4000 Implicit null exception at 0x00000200ca2ed6f9 to 0x00000200ca2ed724
Event: 249.567 Thread 0x00000200e775d1f0 Exception <a 'java/lang/NoSuchMethodError'{0x00000000ffd8d8a8}: static Lorg/gradle/internal/build/event/types/DefaultFileDownloadDescriptor;.<clinit>()V> (0x00000000ffd8d8a8) 
thrown [s\src\hotspot\share\prims\jni.cpp, line 1111]
Event: 250.449 Thread 0x00000200e74a4000 Exception <a 'sun/nio/fs/WindowsException'{0x00000000dd4da9b8}> (0x00000000dd4da9b8) 
thrown [s\src\hotspot\share\prims\jni.cpp, line 520]
Event: 253.181 Thread 0x00000200e775d1f0 Exception <a 'java/lang/NoSuchMethodError'{0x00000000db2c2c60}: static Lorg/gradle/internal/build/event/types/NotFoundFileDownloadSuccessResult;.<clinit>()V> (0x00000000db2c2c60) 
thrown [s\src\hotspot\share\prims\jni.cpp, line 1111]
Event: 253.759 Thread 0x00000200e775d1f0 Exception <a 'java/lang/NoSuchMethodError'{0x00000000db2cc458}: static Lorg/gradle/internal/build/event/types/DefaultStatusEvent;.<clinit>()V> (0x00000000db2cc458) 
thrown [s\src\hotspot\share\prims\jni.cpp, line 1111]
Event: 253.763 Thread 0x00000200e775d1f0 Exception <a 'java/lang/NoSuchMethodError'{0x00000000db1b2600}: static Lorg/gradle/internal/build/event/types/DefaultFileDownloadSuccessResult;.<clinit>()V> (0x00000000db1b2600) 
thrown [s\src\hotspot\share\prims\jni.cpp, line 1111]
Event: 253.848 Thread 0x00000200e74a4000 Exception <a 'java/lang/NoSuchMethodError'{0x00000000db0d4e90}: 'int java.lang.invoke.DirectMethodHandle$Holder.invokeSpecial(java.lang.Object, java.lang.Object, int)'> (0x00000000db0d4e90) 
thrown [s\src\hotspot\share\interpreter\linkResolver.cpp, line 773]

ZGC Phase Switch (0 events):
No events

VM Operations (20 events):
Event: 264.352 Executing VM operation: Cleanup
Event: 264.352 Executing VM operation: Cleanup done
Event: 265.365 Executing VM operation: Cleanup
Event: 265.365 Executing VM operation: Cleanup done
Event: 266.379 Executing VM operation: Cleanup
Event: 266.380 Executing VM operation: Cleanup done
Event: 267.391 Executing VM operation: Cleanup
Event: 267.391 Executing VM operation: Cleanup done
Event: 269.403 Executing VM operation: Cleanup
Event: 269.403 Executing VM operation: Cleanup done
Event: 270.411 Executing VM operation: Cleanup
Event: 270.411 Executing VM operation: Cleanup done
Event: 271.421 Executing VM operation: Cleanup
Event: 271.421 Executing VM operation: Cleanup done
Event: 272.422 Executing VM operation: Cleanup
Event: 272.422 Executing VM operation: Cleanup done
Event: 273.424 Executing VM operation: Cleanup
Event: 273.424 Executing VM operation: Cleanup done
Event: 274.435 Executing VM operation: Cleanup
Event: 274.435 Executing VM operation: Cleanup done

Memory protections (0 events):
No events

Nmethod flushes (20 events):
Event: 233.566 Thread 0x00000200c09683c0 flushing  nmethod 0x00000200ca5e0310
Event: 233.566 Thread 0x00000200c09683c0 flushing  nmethod 0x00000200ca5e2a10
Event: 233.566 Thread 0x00000200c09683c0 flushing  nmethod 0x00000200ca5e4610
Event: 233.566 Thread 0x00000200c09683c0 flushing  nmethod 0x00000200ca5e6c10
Event: 233.566 Thread 0x00000200c09683c0 flushing  nmethod 0x00000200ca684710
Event: 233.566 Thread 0x00000200c09683c0 flushing  nmethod 0x00000200ca69e590
Event: 233.566 Thread 0x00000200c09683c0 flushing  nmethod 0x00000200ca6dc910
Event: 233.566 Thread 0x00000200c09683c0 flushing  nmethod 0x00000200ca6eb010
Event: 233.566 Thread 0x00000200c09683c0 flushing  nmethod 0x00000200ca6ecf10
Event: 233.566 Thread 0x00000200c09683c0 flushing  nmethod 0x00000200ca6ed210
Event: 233.566 Thread 0x00000200c09683c0 flushing  nmethod 0x00000200ca719110
Event: 233.566 Thread 0x00000200c09683c0 flushing  nmethod 0x00000200ca71ab10
Event: 233.566 Thread 0x00000200c09683c0 flushing  nmethod 0x00000200ca71b710
Event: 233.566 Thread 0x00000200c09683c0 flushing  nmethod 0x00000200ca71c490
Event: 233.566 Thread 0x00000200c09683c0 flushing  nmethod 0x00000200ca71da90
Event: 233.566 Thread 0x00000200c09683c0 flushing  nmethod 0x00000200ca8b9990
Event: 233.566 Thread 0x00000200c09683c0 flushing  nmethod 0x00000200ca8ba310
Event: 233.566 Thread 0x00000200c09683c0 flushing  nmethod 0x00000200ca8caf90
Event: 233.566 Thread 0x00000200c09683c0 flushing  nmethod 0x00000200cab62f90
Event: 233.566 Thread 0x00000200c09683c0 flushing  nmethod 0x00000200cab69b90

Events (20 events):
Event: 83.738 Thread 0x00000200e74a4000 Thread added: 0x00000200eaf69220
Event: 83.739 Thread 0x00000200e74a4000 Thread added: 0x00000200eaf6ac60
Event: 83.739 Thread 0x00000200e74a4000 Thread added: 0x00000200eaf6f490
Event: 84.178 Thread 0x00000200e74a4000 Thread added: 0x00000200eaf6cd30
Event: 84.180 Thread 0x00000200e74a4000 Thread added: 0x00000200eaf70840
Event: 84.183 Thread 0x00000200e74a4000 Thread added: 0x00000200eaf6da50
Event: 86.135 Thread 0x00000200e74a4000 Thread added: 0x00000200eaf701b0
Event: 86.137 Thread 0x00000200e74a4000 Thread added: 0x00000200eaf6b980
Event: 86.138 Thread 0x00000200e74a4000 Thread added: 0x00000200eaf6e0e0
Event: 142.923 Thread 0x00000200ea662bb0 Thread exited: 0x00000200ea662bb0
Event: 166.616 Thread 0x00000200e74a4000 Thread added: 0x00000200eb73b1b0
Event: 166.617 Thread 0x00000200e74a4000 Thread added: 0x00000200eb73bed0
Event: 166.618 Thread 0x00000200e74a4000 Thread added: 0x00000200eb7362f0
Event: 166.953 Thread 0x00000200e74a4000 Thread added: 0x00000200eb73c560
Event: 166.955 Thread 0x00000200e74a4000 Thread added: 0x00000200eb7383c0
Event: 166.965 Thread 0x00000200e74a4000 Thread added: 0x00000200eb73cbf0
Event: 168.549 Thread 0x00000200e74a4000 Thread added: 0x00000200eb736980
Event: 168.551 Thread 0x00000200e74a4000 Thread added: 0x00000200eb735c60
Event: 168.555 Thread 0x00000200e74a4000 Thread added: 0x00000200eb73d280
Event: 227.939 Thread 0x00000200e74a4000 Thread added: 0x00000200f1a98f20


Dynamic libraries:
0x00007ff7aa9a0000 - 0x00007ff7aa9ae000 	C:\Program Files\Eclipse Adoptium\jdk-21.0.6.7-hotspot\bin\java.exe
0x00007fffd0df0000 - 0x00007fffd0fe8000 	C:\Windows\SYSTEM32\ntdll.dll
0x00007fffa9dd0000 - 0x00007fffa9deb000 	C:\Program Files\Avast Software\Avast\aswhook.dll
0x00007fffd0480000 - 0x00007fffd053f000 	C:\Windows\System32\KERNEL32.DLL
0x00007fffce760000 - 0x00007fffcea56000 	C:\Windows\System32\KERNELBASE.dll
0x00007fffcebd0000 - 0x00007fffcecd0000 	C:\Windows\System32\ucrtbase.dll
0x00007fff9e530000 - 0x00007fff9e548000 	C:\Program Files\Eclipse Adoptium\jdk-21.0.6.7-hotspot\bin\jli.dll
0x00007fff992c0000 - 0x00007fff992de000 	C:\Program Files\Eclipse Adoptium\jdk-21.0.6.7-hotspot\bin\VCRUNTIME140.dll
0x00007fffcfb80000 - 0x00007fffcfd1d000 	C:\Windows\System32\USER32.dll
0x00007fffced00000 - 0x00007fffced22000 	C:\Windows\System32\win32u.dll
0x00007fffcfdf0000 - 0x00007fffcfe1c000 	C:\Windows\System32\GDI32.dll
0x00007fffb17f0000 - 0x00007fffb1a8a000 	C:\Windows\WinSxS\amd64_microsoft.windows.common-controls_6595b64144ccf1df_6.0.19041.1110_none_60b5254171f9507e\COMCTL32.dll
0x00007fffced30000 - 0x00007fffcee45000 	C:\Windows\System32\gdi32full.dll
0x00007fffce560000 - 0x00007fffce5fd000 	C:\Windows\System32\msvcp_win.dll
0x00007fffd08d0000 - 0x00007fffd096e000 	C:\Windows\System32\msvcrt.dll
0x00007fffcfb50000 - 0x00007fffcfb80000 	C:\Windows\System32\IMM32.DLL
0x00007fff9e3e0000 - 0x00007fff9e3ec000 	C:\Program Files\Eclipse Adoptium\jdk-21.0.6.7-hotspot\bin\vcruntime140_1.dll
0x00007fff8d460000 - 0x00007fff8d4ed000 	C:\Program Files\Eclipse Adoptium\jdk-21.0.6.7-hotspot\bin\msvcp140.dll
0x00007fff318e0000 - 0x00007fff32670000 	C:\Program Files\Eclipse Adoptium\jdk-21.0.6.7-hotspot\bin\server\jvm.dll
0x00007fffd0820000 - 0x00007fffd08cf000 	C:\Windows\System32\ADVAPI32.dll
0x00007fffd0c60000 - 0x00007fffd0cfc000 	C:\Windows\System32\sechost.dll
0x00007fffcfa10000 - 0x00007fffcfb36000 	C:\Windows\System32\RPCRT4.dll
0x00007fffd02c0000 - 0x00007fffd032b000 	C:\Windows\System32\WS2_32.dll
0x00007fffc7880000 - 0x00007fffc788a000 	C:\Windows\SYSTEM32\VERSION.dll
0x00007fffaf1d0000 - 0x00007fffaf1f7000 	C:\Windows\SYSTEM32\WINMM.dll
0x00007fffcda50000 - 0x00007fffcda9b000 	C:\Windows\SYSTEM32\POWRPROF.dll
0x00007fffcd910000 - 0x00007fffcd922000 	C:\Windows\SYSTEM32\UMPDC.dll
0x00007fffcc390000 - 0x00007fffcc3a2000 	C:\Windows\SYSTEM32\kernel.appcore.dll
0x00007fff99110000 - 0x00007fff9911a000 	C:\Program Files\Eclipse Adoptium\jdk-21.0.6.7-hotspot\bin\jimage.dll
0x00007fffc61d0000 - 0x00007fffc63b4000 	C:\Windows\SYSTEM32\DBGHELP.DLL
0x00007fffc5ae0000 - 0x00007fffc5b14000 	C:\Windows\SYSTEM32\dbgcore.DLL
0x00007fffce4d0000 - 0x00007fffce552000 	C:\Windows\System32\bcryptPrimitives.dll
0x00007fffbe230000 - 0x00007fffbe23f000 	C:\Program Files\Eclipse Adoptium\jdk-21.0.6.7-hotspot\bin\instrument.dll
0x00007fff98ca0000 - 0x00007fff98cbf000 	C:\Program Files\Eclipse Adoptium\jdk-21.0.6.7-hotspot\bin\java.dll
0x00007fffcee50000 - 0x00007fffcf594000 	C:\Windows\System32\SHELL32.dll
0x00007fffcc590000 - 0x00007fffccd23000 	C:\Windows\SYSTEM32\windows.storage.dll
0x00007fffcfe20000 - 0x00007fffd0174000 	C:\Windows\System32\combase.dll
0x00007fffcdf30000 - 0x00007fffcdf5e000 	C:\Windows\SYSTEM32\Wldp.dll
0x00007fffd0d00000 - 0x00007fffd0dad000 	C:\Windows\System32\SHCORE.dll
0x00007fffd0540000 - 0x00007fffd0595000 	C:\Windows\System32\shlwapi.dll
0x00007fffce410000 - 0x00007fffce42f000 	C:\Windows\SYSTEM32\profapi.dll
0x00007fff8d380000 - 0x00007fff8d457000 	C:\Program Files\Eclipse Adoptium\jdk-21.0.6.7-hotspot\bin\jsvml.dll
0x00007fff98690000 - 0x00007fff986a8000 	C:\Program Files\Eclipse Adoptium\jdk-21.0.6.7-hotspot\bin\zip.dll
0x00007fff98e20000 - 0x00007fff98e30000 	C:\Program Files\Eclipse Adoptium\jdk-21.0.6.7-hotspot\bin\net.dll
0x00007fffc4f30000 - 0x00007fffc503a000 	C:\Windows\SYSTEM32\WINHTTP.dll
0x00007fffcdc90000 - 0x00007fffcdcfa000 	C:\Windows\system32\mswsock.dll
0x00007fff97760000 - 0x00007fff97776000 	C:\Program Files\Eclipse Adoptium\jdk-21.0.6.7-hotspot\bin\nio.dll
0x00007fffc9840000 - 0x00007fffc9850000 	C:\Program Files\Eclipse Adoptium\jdk-21.0.6.7-hotspot\bin\verify.dll
0x00007fff96780000 - 0x00007fff967a7000 	C:\Users\bouri\.gradle\native\c067742578af261105cb4f569cf0c3c89f3d7b1fecec35dd04571415982c5e48\windows-amd64\native-platform.dll
0x00007fff461e0000 - 0x00007fff46324000 	C:\Users\bouri\.gradle\native\100fb08df4bc3b14c8652ba06237920a3bd2aa13389f12d3474272988ae205f9\windows-amd64\native-platform-file-events.dll
0x00007fff96730000 - 0x00007fff9673a000 	C:\Program Files\Eclipse Adoptium\jdk-21.0.6.7-hotspot\bin\management.dll
0x00007fff964c0000 - 0x00007fff964cb000 	C:\Program Files\Eclipse Adoptium\jdk-21.0.6.7-hotspot\bin\management_ext.dll
0x00007fffd03e0000 - 0x00007fffd03e8000 	C:\Windows\System32\PSAPI.DLL
0x00007fffcde80000 - 0x00007fffcde98000 	C:\Windows\SYSTEM32\CRYPTSP.dll
0x00007fffcd540000 - 0x00007fffcd574000 	C:\Windows\system32\rsaenh.dll
0x00007fffcecd0000 - 0x00007fffcecf7000 	C:\Windows\System32\bcrypt.dll
0x00007fffce390000 - 0x00007fffce3be000 	C:\Windows\SYSTEM32\USERENV.dll
0x00007fffcdea0000 - 0x00007fffcdeac000 	C:\Windows\SYSTEM32\CRYPTBASE.dll
0x00007fffcd930000 - 0x00007fffcd96c000 	C:\Windows\SYSTEM32\IPHLPAPI.DLL
0x00007fffcfb40000 - 0x00007fffcfb48000 	C:\Windows\System32\NSI.dll
0x00007fff95b90000 - 0x00007fff95b99000 	C:\Program Files\Eclipse Adoptium\jdk-21.0.6.7-hotspot\bin\extnet.dll
0x00007fffc9870000 - 0x00007fffc987e000 	C:\Program Files\Eclipse Adoptium\jdk-21.0.6.7-hotspot\bin\sunmscapi.dll
0x00007fffce600000 - 0x00007fffce75e000 	C:\Windows\System32\CRYPT32.dll
0x00007fffcdfa0000 - 0x00007fffcdfc8000 	C:\Windows\SYSTEM32\ncrypt.dll
0x00007fffcdf60000 - 0x00007fffcdf9b000 	C:\Windows\SYSTEM32\NTASN1.dll
0x00007fffb74f0000 - 0x00007fffb74f7000 	C:\Windows\system32\wshunix.dll
0x00007fffaebd0000 - 0x00007fffaebe7000 	C:\Windows\system32\napinsp.dll
0x00007fffaebb0000 - 0x00007fffaebcb000 	C:\Windows\system32\pnrpnsp.dll
0x00007fffaeb90000 - 0x00007fffaeba5000 	C:\Windows\system32\wshbth.dll
0x00007fffc8630000 - 0x00007fffc864d000 	C:\Windows\system32\NLAapi.dll
0x00007fffcd980000 - 0x00007fffcda4b000 	C:\Windows\SYSTEM32\DNSAPI.dll
0x00007fffaeb70000 - 0x00007fffaeb82000 	C:\Windows\System32\winrnr.dll
0x00007fffbdf20000 - 0x00007fffbdf2a000 	C:\Windows\System32\rasadhlp.dll
0x00007fffbe5a0000 - 0x00007fffbe622000 	C:\Windows\System32\fwpuclnt.dll

dbghelp: loaded successfully - version: 4.0.5 - missing functions: none
symbol engine: initialized successfully - sym options: 0x614 - pdb path: .;C:\Program Files\Eclipse Adoptium\jdk-21.0.6.7-hotspot\bin;C:\Windows\SYSTEM32;C:\Program Files\Avast Software\Avast;C:\Windows\WinSxS\amd64_microsoft.windows.common-controls_6595b64144ccf1df_6.0.19041.1110_none_60b5254171f9507e;C:\Program Files\Eclipse Adoptium\jdk-21.0.6.7-hotspot\bin\server;C:\Users\bouri\.gradle\native\c067742578af261105cb4f569cf0c3c89f3d7b1fecec35dd04571415982c5e48\windows-amd64;C:\Users\bouri\.gradle\native\100fb08df4bc3b14c8652ba06237920a3bd2aa13389f12d3474272988ae205f9\windows-amd64

VM Arguments:
jvm_args: -XX:MaxMetaspaceSize=256m -XX:ReservedCodeCacheSize=128m -XX:+HeapDumpOnOutOfMemoryError --add-opens=java.base/java.util=ALL-UNNAMED --add-opens=java.base/java.lang=ALL-UNNAMED --add-opens=java.base/java.lang.invoke=ALL-UNNAMED --add-opens=java.prefs/java.util.prefs=ALL-UNNAMED --add-exports=jdk.compiler/com.sun.tools.javac.api=ALL-UNNAMED --add-exports=jdk.compiler/com.sun.tools.javac.util=ALL-UNNAMED --add-opens=java.base/java.nio.charset=ALL-UNNAMED --add-opens=java.base/java.net=ALL-UNNAMED --add-opens=java.base/java.util.concurrent.atomic=ALL-UNNAMED -Xmx768m -Dfile.encoding=utf8 -Duser.country=GB -Duser.language=en -Duser.variant -javaagent:C:\Users\bouri\.gradle\wrapper\dists\gradle-8.10.2-all\7iv73wktx1xtkvlq19urqw1wm\gradle-8.10.2\lib\agents\gradle-instrumentation-agent-8.10.2.jar 
java_command: org.gradle.launcher.daemon.bootstrap.GradleDaemon 8.10.2
java_class_path (initial): C:\Users\bouri\.gradle\wrapper\dists\gradle-8.10.2-all\7iv73wktx1xtkvlq19urqw1wm\gradle-8.10.2\lib\gradle-daemon-main-8.10.2.jar
Launcher Type: SUN_STANDARD

[Global flags]
     intx CICompilerCount                          = 3                                         {product} {ergonomic}
   size_t CompressedClassSpaceSize                 = 218103808                                 {product} {ergonomic}
     uint ConcGCThreads                            = 1                                         {product} {ergonomic}
     uint G1ConcRefinementThreads                  = 4                                         {product} {ergonomic}
   size_t G1HeapRegionSize                         = 1048576                                   {product} {ergonomic}
    uintx GCDrainStackTargetSize                   = 64                                        {product} {ergonomic}
     bool HeapDumpOnOutOfMemoryError               = true                                   {manageable} {command line}
   size_t InitialHeapSize                          = 67108864                                  {product} {ergonomic}
   size_t MarkStackSize                            = 4194304                                   {product} {ergonomic}
   size_t MaxHeapSize                              = 805306368                                 {product} {command line}
   size_t MaxMetaspaceSize                         = 268435456                                 {product} {command line}
   size_t MaxNewSize                               = 482344960                                 {product} {ergonomic}
   size_t MinHeapDeltaBytes                        = 1048576                                   {product} {ergonomic}
   size_t MinHeapSize                              = 8388608                                   {product} {ergonomic}
    uintx NonNMethodCodeHeapSize                   = 4096                                   {pd product} {ergonomic}
    uintx NonProfiledCodeHeapSize                  = 0                                      {pd product} {ergonomic}
    uintx ProfiledCodeHeapSize                     = 0                                      {pd product} {ergonomic}
    uintx ReservedCodeCacheSize                    = 134217728                              {pd product} {command line}
   size_t SoftMaxHeapSize                          = 805306368                              {manageable} {ergonomic}
     bool UseCompressedOops                        = true                           {product lp64_product} {ergonomic}
     bool UseG1GC                                  = true                                      {product} {ergonomic}
     bool UseLargePagesIndividualAllocation        = false                                  {pd product} {ergonomic}

Logging:
Log output configuration:
 #0: stdout all=warning uptime,level,tags foldmultilines=false
 #1: stderr all=off uptime,level,tags foldmultilines=false

Environment Variables:
JAVA_HOME=C:\Program Files\Eclipse Adoptium\jdk-21.0.6.7-hotspot
PATH=C:\Program Files\Eclipse Adoptium\jdk-21.0.6.7-hotspot\bin;C:\Program Files\Common Files\Oracle\Java\javapath;C:\Python313\Scripts\;C:\Python313\;C:\Windows\system32;C:\Windows;C:\Windows\System32\Wbem;C:\Windows\System32\WindowsPowerShell\v1.0\;C:\Windows\System32\OpenSSH\;C:\Program Files\Microsoft SQL Server\150\Tools\Binn\;C:\Program Files\Microsoft SQL Server\Client SDK\ODBC\170\Tools\Binn\;C:\Program Files\Git\cmd;C:\Program Files (x86)\Microsoft Visual Studio\2022\BuildTools\VC\Tools\MSVC\14.42.34433\bin\Hostx64\x64;C:\Users\bouri\.pyenv\pyenv-win\bin\pyenv;C:\Users\bouri\.pyenv\pyenv-win\shims;C:\Program Files\dotnet\;C:\Program Files\nodejs\;C:\ProgramData\chocolatey\bin;C:\Users\bouri\AppData\Roaming\Python\Python313\Scripts;C:\Windows\Microsoft.NET\Framework64\v4.0.30319;C:\Program Files\GDAL;C:\Users\bouri\Downloads\apache-maven-3.9.9\bin;C:\Program Files\Java\jre8\bin;C:\Users\bouri\AppData\Local\Programs\Python\Python310\Scripts\;C:\Users\bouri\AppData\Local\Programs\Python\Python310\;C:\Users\bouri\AppData\Local\Programs\Python\Launcher\;C:\Program Files\MySQL\MySQL Shell 8.0\bin\;C:\Users\bouri\AppData\Local\Microsoft\WindowsApps;C:\Users\bouri\.dotnet\tools;C:\Users\bouri\AppData\Local\Programs\Microsoft VS Code\bin;C:\Users\bouri\AppData\Local\JetBrains\Toolbox\scripts;C:\Program Files\Python313;C:\Users\bouri\AppData\Local\Muse Hub\lib;C:\Users\bouri\.dotnet\tools;C:\Users\bouri\AppData\Roaming\npm;C:\Users\bouri\Android\platform-tools;C:\Users\bouri\flutter\bin;C:\Users\bouri\Android\bin;
USERNAME=bouri
OS=Windows_NT
PROCESSOR_IDENTIFIER=Intel64 Family 6 Model 69 Stepping 1, GenuineIntel
TMP=C:\Users\bouri\AppData\Local\Temp
TEMP=C:\Users\bouri\AppData\Local\Temp




Periodic native trim disabled

---------------  S Y S T E M  ---------------

OS:
 Windows 10 , 64 bit Build 19041 (10.0.19041.2913)
OS uptime: 1 days 9:16 hours

CPU: total 4 (initial active 4) (2 cores per cpu, 2 threads per core) family 6 model 69 stepping 1 microcode 0x25, cx8, cmov, fxsr, ht, mmx, sse, sse2, sse3, ssse3, sse4.1, sse4.2, popcnt, lzcnt, tsc, tscinvbit, avx, avx2, aes, erms, clmul, bmi1, bmi2, fma, vzeroupper, clflush, rdtscp, f16c
Processor Information for the first 4 processors :
  Max Mhz: 2501, Current Mhz: 775, Mhz Limit: 1875

Memory: 4k page, system-wide physical 3975M (195M free)
TotalPageFile size 16263M (AvailPageFile size 0M)
current process WorkingSet (physical memory assigned to process): 157M, peak: 382M
current process commit charge ("private bytes"): 616M, peak: 625M

vm_info: OpenJDK 64-Bit Server VM (21.0.6+7-LTS) for windows-amd64 JRE (21.0.6+7-LTS), built on 2025-01-21T00:00:00Z by "admin" with MS VC++ 17.7 (VS2022)

END.
